Using pre-set license
Built from '2021.2/staging' branch; Version is '2021.2.8f1 (d0e5f0a7b06a) revision 13690352'; Using compiler version '192829333'; Build Type 'Release'
OS: 'Windows 11  (10.0.22000) 64bit Core' Language: 'en' Physical Memory: 8034 MB
BatchMode: 1, IsHumanControllingUs: 0, StartBugReporterOnCrash: 0, Is64bit: 1, IsPro: 0

COMMAND LINE ARGUMENTS:
C:\Program Files\Unity\Hub\Editor\2021.2.8f1\Editor\Unity.exe
-adb2
-batchMode
-noUpm
-name
AssetImportWorker1
-projectPath
D:/Game Development/Unity_Projects/GitHub/Unity_Learn/Creative_Core/Shaders-And-Materials
-logFile
Logs/AssetImportWorker1.log
-srvPort
58298
Successfully changed project path to: D:/Game Development/Unity_Projects/GitHub/Unity_Learn/Creative_Core/Shaders-And-Materials
D:/Game Development/Unity_Projects/GitHub/Unity_Learn/Creative_Core/Shaders-And-Materials
[UnityMemory] Configuration Parameters - Can be set up in boot.config
    "memorysetup-bucket-allocator-granularity=16"
    "memorysetup-bucket-allocator-bucket-count=8"
    "memorysetup-bucket-allocator-block-size=33554432"
    "memorysetup-bucket-allocator-block-count=8"
    "memorysetup-main-allocator-block-size=16777216"
    "memorysetup-thread-allocator-block-size=16777216"
    "memorysetup-gfx-main-allocator-block-size=16777216"
    "memorysetup-gfx-thread-allocator-block-size=16777216"
    "memorysetup-cache-allocator-block-size=4194304"
    "memorysetup-typetree-allocator-block-size=2097152"
    "memorysetup-profiler-bucket-allocator-granularity=16"
    "memorysetup-profiler-bucket-allocator-bucket-count=8"
    "memorysetup-profiler-bucket-allocator-block-size=33554432"
    "memorysetup-profiler-bucket-allocator-block-count=8"
    "memorysetup-profiler-allocator-block-size=16777216"
    "memorysetup-profiler-editor-allocator-block-size=1048576"
    "memorysetup-temp-allocator-size-main=16777216"
    "memorysetup-job-temp-allocator-block-size=2097152"
    "memorysetup-job-temp-allocator-block-size-background=1048576"
    "memorysetup-job-temp-allocator-reduction-small-platforms=262144"
    "memorysetup-temp-allocator-size-background-worker=32768"
    "memorysetup-temp-allocator-size-job-worker=262144"
    "memorysetup-temp-allocator-size-preload-manager=33554432"
    "memorysetup-temp-allocator-size-nav-mesh-worker=65536"
    "memorysetup-temp-allocator-size-audio-worker=65536"
    "memorysetup-temp-allocator-size-cloud-worker=32768"
    "memorysetup-temp-allocator-size-gi-baking-worker=262144"
    "memorysetup-temp-allocator-size-gfx=262144"
Refreshing native plugins compatible for Editor in 227.48 ms, found 2 plugins.
Preloading 0 native plugins for Editor in 0.00 ms.
Initialize engine version: 2021.2.8f1 (d0e5f0a7b06a)
[Subsystems] Discovering subsystems at path C:/Program Files/Unity/Hub/Editor/2021.2.8f1/Editor/Data/Resources/UnitySubsystems
[Subsystems] Discovering subsystems at path D:/Game Development/Unity_Projects/GitHub/Unity_Learn/Creative_Core/Shaders-And-Materials/Assets
GfxDevice: creating device client; threaded=0; jobified=0
Direct3D:
    Version:  Direct3D 11.0 [level 11.1]
    Renderer: NVIDIA GeForce MX150 (ID=0x1d12)
    Vendor:   NVIDIA
    VRAM:     1983 MB
    Driver:   30.0.14.9709
Initialize mono
Mono path[0] = 'C:/Program Files/Unity/Hub/Editor/2021.2.8f1/Editor/Data/Managed'
Mono path[1] = 'C:/Program Files/Unity/Hub/Editor/2021.2.8f1/Editor/Data/MonoBleedingEdge/lib/mono/unityjit-win32'
Mono config path = 'C:/Program Files/Unity/Hub/Editor/2021.2.8f1/Editor/Data/MonoBleedingEdge/etc'
Using monoOptions --debugger-agent=transport=dt_socket,embedding=1,server=y,suspend=n,address=127.0.0.1:56576
Begin MonoManager ReloadAssembly
Registering precompiled unity dll's ...
Register platform support module: C:/Program Files/Unity/Hub/Editor/2021.2.8f1/Editor/Data/PlaybackEngines/WindowsStandaloneSupport/UnityEditor.WindowsStandalone.Extensions.dll
Registered in 0.129936 seconds.
Native extension for WindowsStandalone target not found
Refreshing native plugins compatible for Editor in 223.20 ms, found 2 plugins.
Preloading 0 native plugins for Editor in 0.00 ms.
Mono: successfully reloaded assembly
- Completed reload, in  3.683 seconds
Domain Reload Profiling:
	ReloadAssembly (3684ms)
		BeginReloadAssembly (635ms)
			ExecutionOrderSort (0ms)
			DisableScriptedObjects (0ms)
			BackupInstance (0ms)
			ReleaseScriptingObjects (0ms)
			CreateAndSetChildDomain (2ms)
		EndReloadAssembly (2556ms)
			LoadAssemblies (630ms)
			RebuildTransferFunctionScriptingTraits (0ms)
			SetupTypeCache (727ms)
			ReleaseScriptCaches (0ms)
			RebuildScriptCaches (293ms)
			SetupLoadedEditorAssemblies (1224ms)
				LogAssemblyErrors (0ms)
				InitializePlatformSupportModulesInManaged (44ms)
				SetLoadedEditorAssemblies (0ms)
				RefreshPlugins (224ms)
				BeforeProcessingInitializeOnLoad (5ms)
				ProcessInitializeOnLoadAttributes (735ms)
				ProcessInitializeOnLoadMethodAttributes (216ms)
				AfterProcessingInitializeOnLoad (0ms)
				EditorAssembliesLoaded (0ms)
			ExecutionOrderSort2 (0ms)
			AwakeInstancesAfterBackupRestoration (0ms)
Platform modules already initialized, skipping
Registering precompiled user dll's ...
Registered in 0.013067 seconds.
Begin MonoManager ReloadAssembly
Native extension for WindowsStandalone target not found
Refreshing native plugins compatible for Editor in 129.92 ms, found 2 plugins.
Preloading 0 native plugins for Editor in 0.00 ms.
Mono: successfully reloaded assembly
- Completed reload, in  2.701 seconds
Domain Reload Profiling:
	ReloadAssembly (2703ms)
		BeginReloadAssembly (242ms)
			ExecutionOrderSort (0ms)
			DisableScriptedObjects (14ms)
			BackupInstance (0ms)
			ReleaseScriptingObjects (0ms)
			CreateAndSetChildDomain (43ms)
		EndReloadAssembly (2251ms)
			LoadAssemblies (175ms)
			RebuildTransferFunctionScriptingTraits (0ms)
			SetupTypeCache (537ms)
			ReleaseScriptCaches (1ms)
			RebuildScriptCaches (175ms)
			SetupLoadedEditorAssemblies (1267ms)
				LogAssemblyErrors (0ms)
				InitializePlatformSupportModulesInManaged (22ms)
				SetLoadedEditorAssemblies (0ms)
				RefreshPlugins (130ms)
				BeforeProcessingInitializeOnLoad (179ms)
				ProcessInitializeOnLoadAttributes (749ms)
				ProcessInitializeOnLoadMethodAttributes (176ms)
				AfterProcessingInitializeOnLoad (9ms)
				EditorAssembliesLoaded (0ms)
			ExecutionOrderSort2 (0ms)
			AwakeInstancesAfterBackupRestoration (9ms)
Platform modules already initialized, skipping
========================================================================
Worker process is ready to serve import requests
Launched and connected shader compiler UnityShaderCompiler.exe after 0.10 seconds
Refreshing native plugins compatible for Editor in 1.87 ms, found 2 plugins.
Preloading 0 native plugins for Editor in 0.00 ms.
Unloading 3862 Unused Serialized files (Serialized files now loaded: 0)
Unloading 30 unused Assets / (1.4 MB). Loaded Objects now: 4318.
Memory consumption went from 175.3 MB to 173.8 MB.
Total: 10.999500 ms (FindLiveObjects: 0.615000 ms CreateObjectMapping: 0.693100 ms MarkObjects: 8.775400 ms  DeleteObjects: 0.912500 ms)

AssetImportParameters requested are different than current active one (requested -> active):
  custom:video-decoder-ogg-theora: a1e56fd34408186e4bbccfd4996cb3dc -> 
  custom:container-muxer-webm: aa71ff27fc2769a1b78a27578f13a17b -> 
  custom:container-demuxer-webm: 4f35f7cbe854078d1ac9338744f61a02 -> 
  custom:video-encoder-webm-vp8: eb34c28f22e8b96e1ab97ce403110664 -> 
  custom:video-codec-MediaFoundation-h265: 746d11721c4dcdbdad8f713fa42b33f4 -> 
  custom:audio-encoder-webm-vorbis: bf7c407c2cedff20999df2af8eb42d56 -> 
  custom:framework-win-MediaFoundation: 216162199b28c13a410421893ffa2e32 -> 
  custom:container-demuxer-ogg: 62fdf1f143b41e24485cea50d1cbac27 -> 
  custom:video-decoder-webm-vp8: 9c59270c3fd7afecdb556c50c9e8de78 -> 
  custom:audio-decoder-ogg-vorbis: bf7c407c2cedff20999df2af8eb42d56 -> 
========================================================================
Received Import Request.
  Time since last request: 5909.682124 seconds.
  path: Assets/UniversalRenderPipelineGlobalSettings.asset
  artifactKey: Guid(bd083b3c512573b44ae6c5ef4bf18d43) Importer(815301076,1909f56bfc062723c751e8b465ee728b)
Start importing Assets/UniversalRenderPipelineGlobalSettings.asset using Guid(bd083b3c512573b44ae6c5ef4bf18d43) Importer(815301076,1909f56bfc062723c751e8b465ee728b)  -> (artifact id: 'ac7326e5d23977e71a46b70a4340fc49') in 0.106229 seconds 
========================================================================
Received Import Request.
  Time since last request: 916.256222 seconds.
  path: Assets/CreativeCore_Shaders/Materials/AppleRed 2.mat
  artifactKey: Guid(79674d3db21d9364ea32d5431bd16fe8) Importer(815301076,1909f56bfc062723c751e8b465ee728b)
Start importing Assets/CreativeCore_Shaders/Materials/AppleRed 2.mat using Guid(79674d3db21d9364ea32d5431bd16fe8) Importer(815301076,1909f56bfc062723c751e8b465ee728b)  -> (artifact id: '4035948735d5014f78e58aa22f19025e') in 2.819712 seconds 
========================================================================
Received Import Request.
  Time since last request: 0.000039 seconds.
  path: Assets/CreativeCore_Shaders/Materials/BlueMug.mat
  artifactKey: Guid(cc411d5554c088840a2e8eef029755f8) Importer(815301076,1909f56bfc062723c751e8b465ee728b)
Start importing Assets/CreativeCore_Shaders/Materials/BlueMug.mat using Guid(cc411d5554c088840a2e8eef029755f8) Importer(815301076,1909f56bfc062723c751e8b465ee728b)  -> (artifact id: '6838c8115d4d9a16320b14873fe36dd2') in 0.031815 seconds 
========================================================================
Received Import Request.
  Time since last request: 0.000042 seconds.
  path: Assets/CreativeCore_Shaders/Materials/BlueShiny.mat
  artifactKey: Guid(dfdbbf9f1ad2ce847885e3477d503408) Importer(815301076,1909f56bfc062723c751e8b465ee728b)
Start importing Assets/CreativeCore_Shaders/Materials/BlueShiny.mat using Guid(dfdbbf9f1ad2ce847885e3477d503408) Importer(815301076,1909f56bfc062723c751e8b465ee728b)  -> (artifact id: '7b10bb2babff34a460a2084105d5b275') in 2.344800 seconds 
========================================================================
Received Import Request.
  Time since last request: 0.000030 seconds.
  path: Assets/CreativeCore_Shaders/Materials/RedSmooth.mat
  artifactKey: Guid(931621f81e17909459f65151523f3158) Importer(815301076,1909f56bfc062723c751e8b465ee728b)
Start importing Assets/CreativeCore_Shaders/Materials/RedSmooth.mat using Guid(931621f81e17909459f65151523f3158) Importer(815301076,1909f56bfc062723c751e8b465ee728b)  -> (artifact id: '530470ebab7a20cde0a63ef78708b7d1') in 0.032334 seconds 
========================================================================
Received Import Request.
  Time since last request: 0.000041 seconds.
  path: Assets/CreativeCore_Shaders/Materials/Green.mat
  artifactKey: Guid(0a5d25fdb7fcc30448603b8cac251708) Importer(815301076,1909f56bfc062723c751e8b465ee728b)
Start importing Assets/CreativeCore_Shaders/Materials/Green.mat using Guid(0a5d25fdb7fcc30448603b8cac251708) Importer(815301076,1909f56bfc062723c751e8b465ee728b)  -> (artifact id: '7d861c696e098011bed24b04013096a7') in 0.025444 seconds 
========================================================================
Received Import Request.
  Time since last request: 0.000032 seconds.
  path: Assets/CreativeCore_Shaders/Materials/PlainWhite.mat
  artifactKey: Guid(c68e7d187af4cd7489ee63e69ae21740) Importer(815301076,1909f56bfc062723c751e8b465ee728b)
Start importing Assets/CreativeCore_Shaders/Materials/PlainWhite.mat using Guid(c68e7d187af4cd7489ee63e69ae21740) Importer(815301076,1909f56bfc062723c751e8b465ee728b)  -> (artifact id: 'a0c28c59a32248ca18f5d5ea0f89e7e9') in 0.024921 seconds 
========================================================================
Received Import Request.
  Time since last request: 0.000077 seconds.
  path: Assets/CreativeCore_Shaders/Materials/Blue.mat
  artifactKey: Guid(b40f8cf70e322a24f847311c87d496c5) Importer(815301076,1909f56bfc062723c751e8b465ee728b)
Start importing Assets/CreativeCore_Shaders/Materials/Blue.mat using Guid(b40f8cf70e322a24f847311c87d496c5) Importer(815301076,1909f56bfc062723c751e8b465ee728b)  -> (artifact id: '7da7db2b5d9a7c1a0c58f4c39c8f3a7c') in 0.024950 seconds 
========================================================================
Received Import Request.
  Time since last request: 0.000053 seconds.
  path: Assets/CreativeCore_Shaders/Materials/Kettle.mat
  artifactKey: Guid(362b5c62080a2614b80b415d20351576) Importer(815301076,1909f56bfc062723c751e8b465ee728b)
Start importing Assets/CreativeCore_Shaders/Materials/Kettle.mat using Guid(362b5c62080a2614b80b415d20351576) Importer(815301076,1909f56bfc062723c751e8b465ee728b)  -> (artifact id: 'c7292c1ecd7ca6de18f6aa49c4000ccd') in 2.387735 seconds 
========================================================================
Received Import Request.
  Time since last request: 0.000034 seconds.
  path: Assets/CreativeCore_Shaders/Materials/Shimmer.mat
  artifactKey: Guid(77a6cab3ad829de4db6c13e36428bc5d) Importer(815301076,1909f56bfc062723c751e8b465ee728b)
Start importing Assets/CreativeCore_Shaders/Materials/Shimmer.mat using Guid(77a6cab3ad829de4db6c13e36428bc5d) Importer(815301076,1909f56bfc062723c751e8b465ee728b)  -> (artifact id: '31ee21df99cc668ea51000c35742b4fd') in 3.005701 seconds 
========================================================================
Received Import Request.
  Time since last request: 0.000044 seconds.
  path: Assets/CreativeCore_Shaders/Materials/WhiteEmission.mat
  artifactKey: Guid(f20b8f2825cd3a848a479356617322c7) Importer(815301076,1909f56bfc062723c751e8b465ee728b)
Start importing Assets/CreativeCore_Shaders/Materials/WhiteEmission.mat using Guid(f20b8f2825cd3a848a479356617322c7) Importer(815301076,1909f56bfc062723c751e8b465ee728b)  -> (artifact id: '408205585a3ca7cd84e80af8b146f62c') in 2.594131 seconds 
========================================================================
Received Import Request.
  Time since last request: 0.000037 seconds.
  path: Assets/CreativeCore_Shaders/Materials/LimeGreen.mat
  artifactKey: Guid(16c7708d3afe83f41811d35592d81b25) Importer(815301076,1909f56bfc062723c751e8b465ee728b)
Start importing Assets/CreativeCore_Shaders/Materials/LimeGreen.mat using Guid(16c7708d3afe83f41811d35592d81b25) Importer(815301076,1909f56bfc062723c751e8b465ee728b)  -> (artifact id: '7af61aa86209502093198acc02eabea4') in 0.027869 seconds 
========================================================================
Received Import Request.
  Time since last request: 0.000041 seconds.
  path: Assets/CreativeCore_Shaders/Materials/LemonYellow.mat
  artifactKey: Guid(faaa6adeb4769c84fae1bbb81ae7775d) Importer(815301076,1909f56bfc062723c751e8b465ee728b)
Start importing Assets/CreativeCore_Shaders/Materials/LemonYellow.mat using Guid(faaa6adeb4769c84fae1bbb81ae7775d) Importer(815301076,1909f56bfc062723c751e8b465ee728b)  -> (artifact id: 'fad69fe6b19adeb087264a66f481b6c1') in 0.048936 seconds 
========================================================================
Received Import Request.
  Time since last request: 0.000036 seconds.
  path: Assets/CreativeCore_Shaders/Materials/ChainFence.mat
  artifactKey: Guid(5c015380d416cf9468cb6be2b1975d93) Importer(815301076,1909f56bfc062723c751e8b465ee728b)
Start importing Assets/CreativeCore_Shaders/Materials/ChainFence.mat using Guid(5c015380d416cf9468cb6be2b1975d93) Importer(815301076,1909f56bfc062723c751e8b465ee728b)  -> (artifact id: '05e700c6bc6a30b01ac35d274fbca0d7') in 1.772388 seconds 
========================================================================
Received Import Request.
  Time since last request: 142.760356 seconds.
  path: Assets/CreativeCore_Shaders/Settings/Rendering/UniversalRP-HighQuality.asset
  artifactKey: Guid(19ba41d7c0026c3459d37c2fe90c55a0) Importer(815301076,1909f56bfc062723c751e8b465ee728b)
Start importing Assets/CreativeCore_Shaders/Settings/Rendering/UniversalRP-HighQuality.asset using Guid(19ba41d7c0026c3459d37c2fe90c55a0) Importer(815301076,1909f56bfc062723c751e8b465ee728b)  -> (artifact id: '787586428c1ae8df62177a5d6df03be5') in 0.014213 seconds 
========================================================================
Received Import Request.
  Time since last request: 0.000023 seconds.
  path: Assets/CreativeCore_Shaders/Settings/Rendering/UniversalRP-MediumQuality.asset
  artifactKey: Guid(d847b876476d3d6468f5dfcd34266f96) Importer(815301076,1909f56bfc062723c751e8b465ee728b)
Start importing Assets/CreativeCore_Shaders/Settings/Rendering/UniversalRP-MediumQuality.asset using Guid(d847b876476d3d6468f5dfcd34266f96) Importer(815301076,1909f56bfc062723c751e8b465ee728b)  -> (artifact id: '7efd980b6a813f38037a34320e0f1c57') in 0.009517 seconds 
========================================================================
Received Import Request.
  Time since last request: 992.138445 seconds.
  path: Assets/CreativeCore_Shaders/Materials/ChainFence.mat
  artifactKey: Guid(5c015380d416cf9468cb6be2b1975d93) Importer(815301076,1909f56bfc062723c751e8b465ee728b)
Start importing Assets/CreativeCore_Shaders/Materials/ChainFence.mat using Guid(5c015380d416cf9468cb6be2b1975d93) Importer(815301076,1909f56bfc062723c751e8b465ee728b)  -> (artifact id: '961518fa817c5f3aba63a3a0e0e87d21') in 1.659929 seconds 
========================================================================
Received Import Request.
  Time since last request: 6.436687 seconds.
  path: Assets/CreativeCore_Shaders/Textures/Mug/Mug_AmbientOcclusion.png
  artifactKey: Guid(3215ffcde57a8884dab243874c2aef3c) Importer(815301076,1909f56bfc062723c751e8b465ee728b)
Start importing Assets/CreativeCore_Shaders/Textures/Mug/Mug_AmbientOcclusion.png using Guid(3215ffcde57a8884dab243874c2aef3c) Importer(815301076,1909f56bfc062723c751e8b465ee728b)  -> (artifact id: 'fc3e86b958e83c0bcd3a23ab2754f38a') in 0.112788 seconds 
========================================================================
Received Import Request.
  Time since last request: 0.000036 seconds.
  path: Assets/CreativeCore_Shaders/Textures/Mug/Mug_MetallicSmoothness.png
  artifactKey: Guid(5dcd07f906adfd2479a94e830ab066c6) Importer(815301076,1909f56bfc062723c751e8b465ee728b)
Start importing Assets/CreativeCore_Shaders/Textures/Mug/Mug_MetallicSmoothness.png using Guid(5dcd07f906adfd2479a94e830ab066c6) Importer(815301076,1909f56bfc062723c751e8b465ee728b)  -> (artifact id: '6610f9d1497c8d70edb499ef79906685') in 0.059688 seconds 
========================================================================
Received Import Request.
  Time since last request: 24.030749 seconds.
  path: Assets/CreativeCore_Shaders/Textures/Plant/Plant_Normal.png
  artifactKey: Guid(34f1f5a9bd8261d45b758e7504ddc406) Importer(815301076,1909f56bfc062723c751e8b465ee728b)
Start importing Assets/CreativeCore_Shaders/Textures/Plant/Plant_Normal.png using Guid(34f1f5a9bd8261d45b758e7504ddc406) Importer(815301076,1909f56bfc062723c751e8b465ee728b)  -> (artifact id: '2de89f69a3d81aea04e5ea4a7f638edf') in 0.029546 seconds 
========================================================================
Received Import Request.
  Time since last request: 19.307686 seconds.
  path: Assets/CreativeCore_Shaders/Textures/Tiled Textures/Concrete_1_Albedo.png
  artifactKey: Guid(129174afa8c13cf449b1876c9d618461) Importer(815301076,1909f56bfc062723c751e8b465ee728b)
Start importing Assets/CreativeCore_Shaders/Textures/Tiled Textures/Concrete_1_Albedo.png using Guid(129174afa8c13cf449b1876c9d618461) Importer(815301076,1909f56bfc062723c751e8b465ee728b)  -> (artifact id: '14398cb76337d2f616bc2f7b42ce05e1') in 0.033138 seconds 
========================================================================
Received Import Request.
  Time since last request: 0.000056 seconds.
  path: Assets/CreativeCore_Shaders/Textures/Tiled Textures/Metal_MetallicSmoothness.tif
  artifactKey: Guid(5f4305cce6302fc42abf0377a572faf7) Importer(815301076,1909f56bfc062723c751e8b465ee728b)
Start importing Assets/CreativeCore_Shaders/Textures/Tiled Textures/Metal_MetallicSmoothness.tif using Guid(5f4305cce6302fc42abf0377a572faf7) Importer(815301076,1909f56bfc062723c751e8b465ee728b)  -> (artifact id: '491010903d266d04f78126c2d7dec2e0') in 0.029874 seconds 
========================================================================
Received Import Request.
  Time since last request: 0.000033 seconds.
  path: Assets/CreativeCore_Shaders/Textures/Tiled Textures/Metal_Albedo.tif
  artifactKey: Guid(a843d95529591d5469af7a29a3d8638b) Importer(815301076,1909f56bfc062723c751e8b465ee728b)
Start importing Assets/CreativeCore_Shaders/Textures/Tiled Textures/Metal_Albedo.tif using Guid(a843d95529591d5469af7a29a3d8638b) Importer(815301076,1909f56bfc062723c751e8b465ee728b)  -> (artifact id: '589fe04999bb888011f3498e16835ba4') in 0.026649 seconds 
========================================================================
Received Import Request.
  Time since last request: 0.000040 seconds.
  path: Assets/CreativeCore_Shaders/Textures/Tiled Textures/Plastic_Normal.tif
  artifactKey: Guid(2dfa979e7be42b245a0cd27f30030ae3) Importer(815301076,1909f56bfc062723c751e8b465ee728b)
Start importing Assets/CreativeCore_Shaders/Textures/Tiled Textures/Plastic_Normal.tif using Guid(2dfa979e7be42b245a0cd27f30030ae3) Importer(815301076,1909f56bfc062723c751e8b465ee728b)  -> (artifact id: 'faac24d898d0e1f25e5008f5573f61ee') in 0.026910 seconds 
========================================================================
Received Import Request.
  Time since last request: 0.000040 seconds.
  path: Assets/CreativeCore_Shaders/Textures/Tiled Textures/Pavement_SmallMoss_normal.png
  artifactKey: Guid(063e8fa0f1389084fa751077cef96471) Importer(815301076,1909f56bfc062723c751e8b465ee728b)
Start importing Assets/CreativeCore_Shaders/Textures/Tiled Textures/Pavement_SmallMoss_normal.png using Guid(063e8fa0f1389084fa751077cef96471) Importer(815301076,1909f56bfc062723c751e8b465ee728b)  -> (artifact id: '2d04991eefe2b95cc35290082f122367') in 0.024006 seconds 
========================================================================
Received Import Request.
  Time since last request: 0.000053 seconds.
  path: Assets/CreativeCore_Shaders/Textures/Tiled Textures/Metal_Normal.tif
  artifactKey: Guid(8c7ecc22b013dda47a47b0d823adde5c) Importer(815301076,1909f56bfc062723c751e8b465ee728b)
Start importing Assets/CreativeCore_Shaders/Textures/Tiled Textures/Metal_Normal.tif using Guid(8c7ecc22b013dda47a47b0d823adde5c) Importer(815301076,1909f56bfc062723c751e8b465ee728b)  -> (artifact id: '81dd0682354aef6ae7948eb6e4070e73') in 0.019748 seconds 
========================================================================
Received Import Request.
  Time since last request: 0.000029 seconds.
  path: Assets/CreativeCore_Shaders/Textures/Tiled Textures/Concrete_2_Dry_AmbientOcclusion.png
  artifactKey: Guid(9d0dc3504b64f7a47a8e098c603b02ab) Importer(815301076,1909f56bfc062723c751e8b465ee728b)
Start importing Assets/CreativeCore_Shaders/Textures/Tiled Textures/Concrete_2_Dry_AmbientOcclusion.png using Guid(9d0dc3504b64f7a47a8e098c603b02ab) Importer(815301076,1909f56bfc062723c751e8b465ee728b)  -> (artifact id: '5e1cdac5007e7bb1fa2a2f3dfe2b9110') in 0.031205 seconds 
========================================================================
Received Import Request.
  Time since last request: 0.000057 seconds.
  path: Assets/CreativeCore_Shaders/Textures/Tiled Textures/Pavement_SmallMoss_height.png
  artifactKey: Guid(61272b8b0822ceb478e5de59ee72912b) Importer(815301076,1909f56bfc062723c751e8b465ee728b)
Start importing Assets/CreativeCore_Shaders/Textures/Tiled Textures/Pavement_SmallMoss_height.png using Guid(61272b8b0822ceb478e5de59ee72912b) Importer(815301076,1909f56bfc062723c751e8b465ee728b)  -> (artifact id: 'ebba639d8f0f953024ab44e718005e8b') in 0.020162 seconds 
========================================================================
Received Import Request.
  Time since last request: 0.000037 seconds.
  path: Assets/CreativeCore_Shaders/Textures/Tiled Textures/Concrete_2_Dry_Albedo.png
  artifactKey: Guid(aef6b2baaa9a27942847749c9cf13b3a) Importer(815301076,1909f56bfc062723c751e8b465ee728b)
Start importing Assets/CreativeCore_Shaders/Textures/Tiled Textures/Concrete_2_Dry_Albedo.png using Guid(aef6b2baaa9a27942847749c9cf13b3a) Importer(815301076,1909f56bfc062723c751e8b465ee728b)  -> (artifact id: '5a85efdbe5d372ff026d65b666a1ffd4') in 0.035736 seconds 
========================================================================
Received Import Request.
  Time since last request: 54.111542 seconds.
  path: Assets/CreativeCore_Shaders/Textures/Characters/Ellen/Ellen_Body_Emission.tif
  artifactKey: Guid(b4b755d5cc444c54ca35b5c41555844e) Importer(815301076,1909f56bfc062723c751e8b465ee728b)
Start importing Assets/CreativeCore_Shaders/Textures/Characters/Ellen/Ellen_Body_Emission.tif using Guid(b4b755d5cc444c54ca35b5c41555844e) Importer(815301076,1909f56bfc062723c751e8b465ee728b)  -> (artifact id: '4930467fd1a8bbeb4aa5e8294d4b10b9') in 0.031847 seconds 
========================================================================
Received Import Request.
  Time since last request: 0.000033 seconds.
  path: Assets/CreativeCore_Shaders/Textures/Characters/Ellen/Ellen_Eye_Albedo.tif
  artifactKey: Guid(aa185cea8422ad24fa12ce1f3645e5a9) Importer(815301076,1909f56bfc062723c751e8b465ee728b)
Start importing Assets/CreativeCore_Shaders/Textures/Characters/Ellen/Ellen_Eye_Albedo.tif using Guid(aa185cea8422ad24fa12ce1f3645e5a9) Importer(815301076,1909f56bfc062723c751e8b465ee728b)  -> (artifact id: '3ba538a3a0c6d24d6c40a34de29de259') in 0.020888 seconds 
========================================================================
Received Import Request.
  Time since last request: 0.000035 seconds.
  path: Assets/CreativeCore_Shaders/Textures/Characters/Ellen/Ellen_Eye_Normal.tif
  artifactKey: Guid(fe180c6592e9a444889916ff0549198b) Importer(815301076,1909f56bfc062723c751e8b465ee728b)
Start importing Assets/CreativeCore_Shaders/Textures/Characters/Ellen/Ellen_Eye_Normal.tif using Guid(fe180c6592e9a444889916ff0549198b) Importer(815301076,1909f56bfc062723c751e8b465ee728b)  -> (artifact id: '16d6328c467290d9f441579f01f10185') in 0.023553 seconds 
========================================================================
Received Import Request.
  Time since last request: 0.000038 seconds.
  path: Assets/CreativeCore_Shaders/Textures/Characters/Ellen/Ellen_Hair_MetallicSmooth.tif
  artifactKey: Guid(c3f4a5d645c2b5c4390c8892609a8093) Importer(815301076,1909f56bfc062723c751e8b465ee728b)
Start importing Assets/CreativeCore_Shaders/Textures/Characters/Ellen/Ellen_Hair_MetallicSmooth.tif using Guid(c3f4a5d645c2b5c4390c8892609a8093) Importer(815301076,1909f56bfc062723c751e8b465ee728b)  -> (artifact id: '8a63b625fe6ff288f60a15fb8e301174') in 0.023614 seconds 
========================================================================
Received Import Request.
  Time since last request: 0.000053 seconds.
  path: Assets/CreativeCore_Shaders/Textures/Characters/Ellen/Ellen_Head_Normal.tif
  artifactKey: Guid(55d979bd379deb945970769a993a4afb) Importer(815301076,1909f56bfc062723c751e8b465ee728b)
Start importing Assets/CreativeCore_Shaders/Textures/Characters/Ellen/Ellen_Head_Normal.tif using Guid(55d979bd379deb945970769a993a4afb) Importer(815301076,1909f56bfc062723c751e8b465ee728b)  -> (artifact id: '059f11cd2bd8fcad4e099130053054f9') in 0.041987 seconds 
========================================================================
Received Import Request.
  Time since last request: 0.000040 seconds.
  path: Assets/CreativeCore_Shaders/Textures/Characters/Ellen/Ellen_head_SpecularSmoothness.tif
  artifactKey: Guid(935d99a93f3e0a049b5fe3adc4084776) Importer(815301076,1909f56bfc062723c751e8b465ee728b)
Start importing Assets/CreativeCore_Shaders/Textures/Characters/Ellen/Ellen_head_SpecularSmoothness.tif using Guid(935d99a93f3e0a049b5fe3adc4084776) Importer(815301076,1909f56bfc062723c751e8b465ee728b)  -> (artifact id: 'e184dcf3feeae3026015fee8d95fec93') in 0.035653 seconds 
========================================================================
Received Import Request.
  Time since last request: 0.000044 seconds.
  path: Assets/CreativeCore_Shaders/Textures/Characters/Ellen/Ellen_Head_Microdetail.tif
  artifactKey: Guid(eb1b3af505a9c4c1c81b05081339e090) Importer(815301076,1909f56bfc062723c751e8b465ee728b)
Start importing Assets/CreativeCore_Shaders/Textures/Characters/Ellen/Ellen_Head_Microdetail.tif using Guid(eb1b3af505a9c4c1c81b05081339e090) Importer(815301076,1909f56bfc062723c751e8b465ee728b)  -> (artifact id: '0a382ed540563d6b426cb3f1f466dc42') in 0.030566 seconds 
========================================================================
Received Import Request.
  Time since last request: 0.000027 seconds.
  path: Assets/CreativeCore_Shaders/Textures/Characters/Ellen/Ellen_Head_Albedo.tif
  artifactKey: Guid(d45aa4ef71b87594fa37437494b49260) Importer(815301076,1909f56bfc062723c751e8b465ee728b)
Start importing Assets/CreativeCore_Shaders/Textures/Characters/Ellen/Ellen_Head_Albedo.tif using Guid(d45aa4ef71b87594fa37437494b49260) Importer(815301076,1909f56bfc062723c751e8b465ee728b)  -> (artifact id: 'b165636f9040002c18064c5e55738e75') in 0.040767 seconds 
========================================================================
Received Import Request.
  Time since last request: 7.405274 seconds.
  path: Assets/CreativeCore_Shaders/Textures/Kettle/Kettle_B.png
  artifactKey: Guid(0f70e54f76aad674f979ad42ba324692) Importer(815301076,1909f56bfc062723c751e8b465ee728b)
Start importing Assets/CreativeCore_Shaders/Textures/Kettle/Kettle_B.png using Guid(0f70e54f76aad674f979ad42ba324692) Importer(815301076,1909f56bfc062723c751e8b465ee728b)  -> (artifact id: 'bef075411a26b44aaa9ed3aaf21edf0e') in 0.036839 seconds 
========================================================================
Received Import Request.
  Time since last request: 0.000023 seconds.
  path: Assets/CreativeCore_Shaders/Textures/Kettle/Kettle_C.png
  artifactKey: Guid(197feec7ba9ca944c9b4d9faf527dc43) Importer(815301076,1909f56bfc062723c751e8b465ee728b)
Start importing Assets/CreativeCore_Shaders/Textures/Kettle/Kettle_C.png using Guid(197feec7ba9ca944c9b4d9faf527dc43) Importer(815301076,1909f56bfc062723c751e8b465ee728b)  -> (artifact id: 'bc7b2c5eead808871db6556059434970') in 0.016936 seconds 
========================================================================
Received Import Request.
  Time since last request: 0.000038 seconds.
  path: Assets/CreativeCore_Shaders/Textures/Kettle/Kettle_Normal.png
  artifactKey: Guid(93c3c2bcf46445c4ea93b9ac41b94b59) Importer(815301076,1909f56bfc062723c751e8b465ee728b)
Start importing Assets/CreativeCore_Shaders/Textures/Kettle/Kettle_Normal.png using Guid(93c3c2bcf46445c4ea93b9ac41b94b59) Importer(815301076,1909f56bfc062723c751e8b465ee728b)  -> (artifact id: '163dba2b34e481da04018912227a1297') in 0.022427 seconds 
========================================================================
Received Prepare
Registering precompiled user dll's ...
Registered in 0.008645 seconds.
Begin MonoManager ReloadAssembly
Native extension for WindowsStandalone target not found
Refreshing native plugins compatible for Editor in 1.20 ms, found 4 plugins.
Preloading 0 native plugins for Editor in 0.00 ms.
InvalidCastException: Specified cast is not valid.
  at UnityEngine.Rendering.VolumeComponent.FindParameters (System.Object o, System.Collections.Generic.List`1[T] parameters, System.Func`2[T,TResult] filter) [0x0006a] in D:\Game Development\Unity_Projects\GitHub\Unity_Learn\Creative_Core\Shaders-And-Materials\Library\PackageCache\com.unity.render-pipelines.core@12.1.3\Runtime\Volume\VolumeComponent.cs:149 
  at UnityEngine.Rendering.VolumeComponent.OnEnable () [0x00006] in D:\Game Development\Unity_Projects\GitHub\Unity_Learn\Creative_Core\Shaders-And-Materials\Library\PackageCache\com.unity.render-pipelines.core@12.1.3\Runtime\Volume\VolumeComponent.cs:166 

Mono: successfully reloaded assembly
- Completed reload, in  2.427 seconds
Domain Reload Profiling:
	ReloadAssembly (2428ms)
		BeginReloadAssembly (394ms)
			ExecutionOrderSort (0ms)
			DisableScriptedObjects (39ms)
			BackupInstance (0ms)
			ReleaseScriptingObjects (0ms)
			CreateAndSetChildDomain (184ms)
		EndReloadAssembly (1867ms)
			LoadAssemblies (150ms)
			RebuildTransferFunctionScriptingTraits (0ms)
			SetupTypeCache (438ms)
			ReleaseScriptCaches (2ms)
			RebuildScriptCaches (109ms)
			SetupLoadedEditorAssemblies (871ms)
				LogAssemblyErrors (0ms)
				InitializePlatformSupportModulesInManaged (21ms)
				SetLoadedEditorAssemblies (1ms)
				RefreshPlugins (1ms)
				BeforeProcessingInitializeOnLoad (144ms)
				ProcessInitializeOnLoadAttributes (580ms)
				ProcessInitializeOnLoadMethodAttributes (114ms)
				AfterProcessingInitializeOnLoad (8ms)
				EditorAssembliesLoaded (0ms)
			ExecutionOrderSort2 (0ms)
			AwakeInstancesAfterBackupRestoration (48ms)
Platform modules already initialized, skipping
Refreshing native plugins compatible for Editor in 1.01 ms, found 4 plugins.
Preloading 0 native plugins for Editor in 0.00 ms.
Unloading 3899 Unused Serialized files (Serialized files now loaded: 0)
Unloading 32 unused Assets / (1.3 MB). Loaded Objects now: 4896.
Memory consumption went from 220.3 MB to 219.0 MB.
Total: 6.448500 ms (FindLiveObjects: 0.522200 ms CreateObjectMapping: 0.350300 ms MarkObjects: 5.113400 ms  DeleteObjects: 0.460800 ms)

AssetImportParameters requested are different than current active one (requested -> active):
  custom:video-decoder-ogg-theora: a1e56fd34408186e4bbccfd4996cb3dc -> 
  custom:container-muxer-webm: aa71ff27fc2769a1b78a27578f13a17b -> 
  custom:container-demuxer-webm: 4f35f7cbe854078d1ac9338744f61a02 -> 
  custom:video-encoder-webm-vp8: eb34c28f22e8b96e1ab97ce403110664 -> 
  custom:video-codec-MediaFoundation-h265: 746d11721c4dcdbdad8f713fa42b33f4 -> 
  custom:audio-encoder-webm-vorbis: bf7c407c2cedff20999df2af8eb42d56 -> 
  custom:framework-win-MediaFoundation: 216162199b28c13a410421893ffa2e32 -> 
  custom:container-demuxer-ogg: 62fdf1f143b41e24485cea50d1cbac27 -> 
  custom:video-decoder-webm-vp8: 9c59270c3fd7afecdb556c50c9e8de78 -> 
  custom:audio-decoder-ogg-vorbis: bf7c407c2cedff20999df2af8eb42d56 -> 
========================================================================
Received Prepare
Registering precompiled user dll's ...
Registered in 0.008638 seconds.
Begin MonoManager ReloadAssembly
* Assertion at C:\build\output\Unity-Technologies\mono\mono\mini\mini-generic-sharing.c:900, condition `oti' not met

Crash!!!
SymInit: Symbol-SearchPath: 'C:/Program Files/Unity/Hub/Editor/2021.2.8f1/Editor/Data/Mono;.;D:\Game Development\Unity_Projects\GitHub\Unity_Learn\Creative_Core\Shaders-And-Materials;D:\Game Development\Unity_Projects\GitHub\Unity_Learn\Creative_Core\Shaders-And-Materials\Library\BurstCache\JIT;C:\Program Files\Unity\Hub\Editor\2021.2.8f1\Editor;C:\WINDOWS;C:\WINDOWS\system32;SRV*C:\websymbols*http://msdl.microsoft.com/download/symbols;', symOptions: 534, UserName: 'Francisco Nazar'
OS-Version: 10.0.0
C:\Program Files\Unity\Hub\Editor\2021.2.8f1\Editor\Unity.exe:Unity.exe (00007FF769470000), size: 72986624 (result: 0), SymType: '-deferred-', PDB: '', fileVersion: 2021.2.8.58864
C:\WINDOWS\SYSTEM32\ntdll.dll:ntdll.dll (00007FFC09780000), size: 2125824 (result: 0), SymType: '-deferred-', PDB: '', fileVersion: 10.0.22000.434
C:\WINDOWS\System32\KERNEL32.DLL:KERNEL32.DLL (00007FFC085E0000), size: 774144 (result: 0), SymType: '-deferred-', PDB: '', fileVersion: 10.0.22000.434
C:\WINDOWS\System32\KERNELBASE.dll:KERNELBASE.dll (00007FFC06CE0000), size: 3620864 (result: 0), SymType: '-deferred-', PDB: '', fileVersion: 10.0.22000.434
C:\WINDOWS\System32\CRYPT32.dll:CRYPT32.dll (00007FFC07180000), size: 1449984 (result: 0), SymType: '-deferred-', PDB: '', fileVersion: 10.0.22000.348
C:\WINDOWS\System32\ucrtbase.dll:ucrtbase.dll (00007FFC07060000), size: 1118208 (result: 0), SymType: '-deferred-', PDB: '', fileVersion: 10.0.22000.1
C:\WINDOWS\System32\USER32.dll:USER32.dll (00007FFC08DE0000), size: 1753088 (result: 0), SymType: '-deferred-', PDB: '', fileVersion: 10.0.22000.282
C:\WINDOWS\System32\win32u.dll:win32u.dll (00007FFC075F0000), size: 155648 (result: 0), SymType: '-deferred-', PDB: '', fileVersion: 10.0.22000.434
C:\WINDOWS\System32\GDI32.dll:GDI32.dll (00007FFC07FE0000), size: 167936 (result: 0), SymType: '-deferred-', PDB: '', fileVersion: 10.0.22000.1
C:\WINDOWS\System32\gdi32full.dll:gdi32full.dll (00007FFC07450000), size: 1122304 (result: 0), SymType: '-deferred-', PDB: '', fileVersion: 10.0.22000.71
C:\WINDOWS\System32\msvcp_win.dll:msvcp_win.dll (00007FFC073B0000), size: 643072 (result: 0), SymType: '-deferred-', PDB: '', fileVersion: 10.0.22000.1
C:\WINDOWS\System32\ADVAPI32.dll:ADVAPI32.dll (00007FFC07F30000), size: 712704 (result: 0), SymType: '-deferred-', PDB: '', fileVersion: 10.0.22000.434
C:\WINDOWS\System32\msvcrt.dll:msvcrt.dll (00007FFC07A10000), size: 667648 (result: 0), SymType: '-deferred-', PDB: '', fileVersion: 7.0.22000.1
C:\WINDOWS\System32\sechost.dll:sechost.dll (00007FFC086A0000), size: 647168 (result: 0), SymType: '-deferred-', PDB: '', fileVersion: 10.0.22000.434
C:\WINDOWS\System32\RPCRT4.dll:RPCRT4.dll (00007FFC07620000), size: 1179648 (result: 0), SymType: '-deferred-', PDB: '', fileVersion: 10.0.22000.434
C:\WINDOWS\System32\SHELL32.dll:SHELL32.dll (00007FFC08F90000), size: 8052736 (result: 0), SymType: '-deferred-', PDB: '', fileVersion: 10.0.22000.434
C:\WINDOWS\System32\SHLWAPI.dll:SHLWAPI.dll (00007FFC088E0000), size: 380928 (result: 0), SymType: '-deferred-', PDB: '', fileVersion: 10.0.22000.1
C:\WINDOWS\System32\ole32.dll:ole32.dll (00007FFC07870000), size: 1679360 (result: 0), SymType: '-deferred-', PDB: '', fileVersion: 10.0.22000.120
C:\WINDOWS\System32\combase.dll:combase.dll (00007FFC08A60000), size: 3637248 (result: 0), SymType: '-deferred-', PDB: '', fileVersion: 10.0.22000.282
C:\WINDOWS\System32\IMM32.dll:IMM32.dll (00007FFC087B0000), size: 200704 (result: 0), SymType: '-deferred-', PDB: '', fileVersion: 10.0.22000.1
C:\WINDOWS\System32\SETUPAPI.dll:SETUPAPI.dll (00007FFC07AC0000), size: 4632576 (result: 0), SymType: '-deferred-', PDB: '', fileVersion: 10.0.22000.194
C:\WINDOWS\System32\WS2_32.dll:WS2_32.dll (00007FFC08010000), size: 454656 (result: 0), SymType: '-deferred-', PDB: '', fileVersion: 10.0.22000.1
C:\WINDOWS\System32\OLEAUT32.dll:OLEAUT32.dll (00007FFC08090000), size: 876544 (result: 0), SymType: '-deferred-', PDB: '', fileVersion: 10.0.22000.1
C:\WINDOWS\System32\WINTRUST.dll:WINTRUST.dll (00007FFC06C70000), size: 417792 (result: 0), SymType: '-deferred-', PDB: '', fileVersion: 10.0.22000.434
C:\Program Files\Unity\Hub\Editor\2021.2.8f1\Editor\libfbxsdk.dll:libfbxsdk.dll (00007FFB876F0000), size: 10215424 (result: 0), SymType: '-deferred-', PDB: '', fileVersion: 2020.2.0.0
C:\Program Files\Unity\Hub\Editor\2021.2.8f1\Editor\optix.6.0.0.dll:optix.6.0.0.dll (00007FFBF83D0000), size: 208896 (result: 0), SymType: '-deferred-', PDB: '', fileVersion: 6.0.0.0
C:\Program Files\Unity\Hub\Editor\2021.2.8f1\Editor\s3tcompress.dll:s3tcompress.dll (00007FFBF78E0000), size: 180224 (result: 0), SymType: '-deferred-', PDB: ''
C:\Program Files\Unity\Hub\Editor\2021.2.8f1\Editor\etccompress.dll:etccompress.dll (00007FFBF4110000), size: 5066752 (result: 0), SymType: '-deferred-', PDB: ''
C:\Program Files\Unity\Hub\Editor\2021.2.8f1\Editor\ispc_texcomp.dll:ispc_texcomp.dll (00007FFBD8BE0000), size: 1740800 (result: 0), SymType: '-deferred-', PDB: ''
C:\Program Files\Unity\Hub\Editor\2021.2.8f1\Editor\compress_bc7e.dll:compress_bc7e.dll (00007FFBAD3E0000), size: 1441792 (result: 0), SymType: '-deferred-', PDB: ''
C:\Program Files\Unity\Hub\Editor\2021.2.8f1\Editor\FreeImage.dll:FreeImage.dll (0000000180000000), size: 6582272 (result: 0), SymType: '-deferred-', PDB: '', fileVersion: 3.18.0.0
C:\Program Files\Unity\Hub\Editor\2021.2.8f1\Editor\OpenImageDenoise.dll:OpenImageDenoise.dll (00007FFB85570000), size: 35123200 (result: 0), SymType: '-deferred-', PDB: '', fileVersion: 1.3.0.0
C:\Program Files\Unity\Hub\Editor\2021.2.8f1\Editor\WinPixEventRuntime.dll:WinPixEventRuntime.dll (00007FFBFF130000), size: 45056 (result: 0), SymType: '-deferred-', PDB: '', fileVersion: 1.0.1812.6001
C:\Program Files\Unity\Hub\Editor\2021.2.8f1\Editor\umbraoptimizer64.dll:umbraoptimizer64.dll (00007FFBB0CE0000), size: 1187840 (result: 0), SymType: '-deferred-', PDB: ''
C:\WINDOWS\SYSTEM32\OPENGL32.dll:OPENGL32.dll (00007FFBCE750000), size: 1052672 (result: 0), SymType: '-deferred-', PDB: '', fileVersion: 10.0.22000.41
C:\WINDOWS\SYSTEM32\GLU32.dll:GLU32.dll (00007FFBCE640000), size: 184320 (result: 0), SymType: '-deferred-', PDB: '', fileVersion: 10.0.22000.41
C:\WINDOWS\SYSTEM32\IPHLPAPI.DLL:IPHLPAPI.DLL (00007FFC058A0000), size: 184320 (result: 0), SymType: '-deferred-', PDB: '', fileVersion: 10.0.22000.282
C:\WINDOWS\SYSTEM32\WINHTTP.dll:WINHTTP.dll (00007FFC03B90000), size: 1097728 (result: 0), SymType: '-deferred-', PDB: '', fileVersion: 10.0.22000.1
C:\WINDOWS\SYSTEM32\WINMM.dll:WINMM.dll (00007FFBFF220000), size: 208896 (result: 0), SymType: '-deferred-', PDB: '', fileVersion: 10.0.22000.1
C:\WINDOWS\SYSTEM32\bcrypt.dll:bcrypt.dll (00007FFC06650000), size: 159744 (result: 0), SymType: '-deferred-', PDB: '', fileVersion: 10.0.22000.1
C:\WINDOWS\SYSTEM32\HID.DLL:HID.DLL (00007FFC05650000), size: 57344 (result: 0), SymType: '-deferred-', PDB: '', fileVersion: 10.0.22000.1
C:\WINDOWS\SYSTEM32\dwmapi.dll:dwmapi.dll (00007FFC04380000), size: 192512 (result: 0), SymType: '-deferred-', PDB: '', fileVersion: 10.0.22000.41
C:\Program Files\Unity\Hub\Editor\2021.2.8f1\Editor\RadeonImageFilters.dll:RadeonImageFilters.dll (00007FFBAA9C0000), size: 2961408 (result: 0), SymType: '-deferred-', PDB: '', fileVersion: 1.7.0.0
C:\Program Files\Unity\Hub\Editor\2021.2.8f1\Editor\SketchUpAPI.dll:SketchUpAPI.dll (00007FFB84C90000), size: 9306112 (result: 0), SymType: '-deferred-', PDB: '', fileVersion: 20.2.172.0
C:\WINDOWS\SYSTEM32\VERSION.dll:VERSION.dll (00007FFBFD250000), size: 40960 (result: 0), SymType: '-deferred-', PDB: '', fileVersion: 10.0.22000.1
C:\WINDOWS\SYSTEM32\WSOCK32.dll:WSOCK32.dll (00007FFBEA5D0000), size: 36864 (result: 0), SymType: '-deferred-', PDB: '', fileVersion: 10.0.22000.1
C:\Program Files\Unity\Hub\Editor\2021.2.8f1\Editor\tbb12.dll:tbb12.dll (00007FFBF4BF0000), size: 389120 (result: 0), SymType: '-deferred-', PDB: ''
C:\WINDOWS\SYSTEM32\MSVCP140.dll:MSVCP140.dll (00007FFC02140000), size: 577536 (result: 0), SymType: '-deferred-', PDB: '', fileVersion: 14.29.30133.0
C:\WINDOWS\SYSTEM32\VCRUNTIME140.dll:VCRUNTIME140.dll (00007FFC021D0000), size: 110592 (result: 0), SymType: '-deferred-', PDB: '', fileVersion: 14.29.30133.0
C:\Program Files\Unity\Hub\Editor\2021.2.8f1\Editor\RadeonML.dll:RadeonML.dll (00007FFBF4900000), size: 94208 (result: 0), SymType: '-deferred-', PDB: '', fileVersion: 0.9.11.0
C:\Program Files\Unity\Hub\Editor\2021.2.8f1\Editor\SketchUpCommonPreferences.dll:SketchUpCommonPreferences.dll (00007FFBF4B70000), size: 479232 (result: 0), SymType: '-deferred-', PDB: '', fileVersion: 20.2.172.37
C:\WINDOWS\SYSTEM32\Secur32.dll:Secur32.dll (00007FFBF18A0000), size: 49152 (result: 0), SymType: '-deferred-', PDB: '', fileVersion: 10.0.22000.1
C:\WINDOWS\SYSTEM32\VCRUNTIME140_1.dll:VCRUNTIME140_1.dll (00007FFC02130000), size: 49152 (result: 0), SymType: '-deferred-', PDB: '', fileVersion: 14.29.30133.0
C:\WINDOWS\SYSTEM32\dxcore.dll:dxcore.dll (00007FFC040E0000), size: 229376 (result: 0), SymType: '-deferred-', PDB: '', fileVersion: 10.0.22000.1
C:\WINDOWS\SYSTEM32\SSPICLI.DLL:SSPICLI.DLL (00007FFC06000000), size: 270336 (result: 0), SymType: '-deferred-', PDB: '', fileVersion: 10.0.22000.434
C:\Program Files\Unity\Hub\Editor\2021.2.8f1\Editor\OpenRL.dll:OpenRL.dll (0000028F0B920000), size: 12779520 (result: 0), SymType: '-deferred-', PDB: '', fileVersion: 1.5.0.2907
C:\WINDOWS\SYSTEM32\MSVCP100.dll:MSVCP100.dll (000000005F670000), size: 622592 (result: 0), SymType: '-deferred-', PDB: '', fileVersion: 10.0.40219.325
C:\WINDOWS\SYSTEM32\MSVCR100.dll:MSVCR100.dll (000000005F590000), size: 860160 (result: 0), SymType: '-deferred-', PDB: '', fileVersion: 10.0.40219.325
C:\Program Files\Unity\Hub\Editor\2021.2.8f1\Editor\embree.dll:embree.dll (00007FFB83CA0000), size: 16711680 (result: 0), SymType: '-deferred-', PDB: '', fileVersion: 2.14.0.0
C:\WINDOWS\SYSTEM32\cfgmgr32.DLL:cfgmgr32.DLL (00007FFC06970000), size: 311296 (result: 0), SymType: '-deferred-', PDB: '', fileVersion: 10.0.22000.1
C:\Program Files\Unity\Hub\Editor\2021.2.8f1\Editor\tbb.dll:tbb.dll (00007FFBF4890000), size: 413696 (result: 0), SymType: '-deferred-', PDB: '', fileVersion: 2017.0.2016.1004
C:\WINDOWS\SYSTEM32\MSVCP120.dll:MSVCP120.dll (00007FFBF4060000), size: 679936 (result: 0), SymType: '-deferred-', PDB: '', fileVersion: 12.0.21005.1
C:\WINDOWS\SYSTEM32\MSVCR120.dll:MSVCR120.dll (00007FFBB4660000), size: 978944 (result: 0), SymType: '-deferred-', PDB: '', fileVersion: 12.0.21005.1
C:\WINDOWS\SYSTEM32\MSWSOCK.DLL:MSWSOCK.DLL (00007FFC06210000), size: 421888 (result: 0), SymType: '-deferred-', PDB: '', fileVersion: 10.0.22000.1
C:\Program Files\Unity\Hub\Editor\2021.2.8f1\Editor\OpenRL_pthread.dll:OpenRL_pthread.dll (0000028F0C570000), size: 61440 (result: 0), SymType: '-deferred-', PDB: '', fileVersion: 2.9.0.0
C:\Program Files\Unity\Hub\Editor\2021.2.8f1\Editor\tbbmalloc.dll:tbbmalloc.dll (00007FFBF4830000), size: 372736 (result: 0), SymType: '-deferred-', PDB: '', fileVersion: 2017.0.2016.1004
C:\WINDOWS\SYSTEM32\MSASN1.dll:MSASN1.dll (00007FFC064B0000), size: 73728 (result: 0), SymType: '-deferred-', PDB: '', fileVersion: 10.0.22000.1
C:\WINDOWS\SYSTEM32\kernel.appcore.dll:kernel.appcore.dll (00007FFC05D70000), size: 98304 (result: 0), SymType: '-deferred-', PDB: '', fileVersion: 10.0.22000.71
C:\WINDOWS\System32\bcryptPrimitives.dll:bcryptPrimitives.dll (00007FFC07570000), size: 520192 (result: 0), SymType: '-deferred-', PDB: '', fileVersion: 10.0.22000.376
C:\WINDOWS\system32\uxtheme.dll:uxtheme.dll (00007FFC04000000), size: 704512 (result: 0), SymType: '-deferred-', PDB: '', fileVersion: 10.0.22000.120
C:\WINDOWS\System32\shcore.dll:shcore.dll (00007FFC087F0000), size: 958464 (result: 0), SymType: '-deferred-', PDB: '', fileVersion: 10.0.22000.71
C:\WINDOWS\SYSTEM32\windows.storage.dll:windows.storage.dll (00007FFC04DE0000), size: 8810496 (result: 0), SymType: '-deferred-', PDB: '', fileVersion: 10.0.22000.348
C:\WINDOWS\SYSTEM32\wintypes.dll:wintypes.dll (00007FFC04C70000), size: 1466368 (result: 0), SymType: '-deferred-', PDB: '', fileVersion: 10.0.22000.41
C:\WINDOWS\SYSTEM32\profapi.dll:profapi.dll (00007FFC06BA0000), size: 135168 (result: 0), SymType: '-deferred-', PDB: '', fileVersion: 10.0.22000.1
C:\WINDOWS\system32\IconCodecService.dll:IconCodecService.dll (00007FFBC7D70000), size: 36864 (result: 0), SymType: '-deferred-', PDB: '', fileVersion: 10.0.22000.1
C:\WINDOWS\SYSTEM32\WindowsCodecs.dll:WindowsCodecs.dll (00007FFBFF2F0000), size: 1761280 (result: 0), SymType: '-deferred-', PDB: '', fileVersion: 10.0.22000.1
C:\WINDOWS\System32\NSI.dll:NSI.dll (00007FFC08080000), size: 36864 (result: 0), SymType: '-deferred-', PDB: '', fileVersion: 10.0.22000.1
C:\WINDOWS\SYSTEM32\dhcpcsvc6.DLL:dhcpcsvc6.DLL (00007FFBFD460000), size: 102400 (result: 0), SymType: '-deferred-', PDB: '', fileVersion: 10.0.22000.71
C:\WINDOWS\SYSTEM32\dhcpcsvc.DLL:dhcpcsvc.DLL (00007FFBFD6E0000), size: 122880 (result: 0), SymType: '-deferred-', PDB: '', fileVersion: 10.0.22000.71
C:\WINDOWS\SYSTEM32\DNSAPI.dll:DNSAPI.dll (00007FFC05910000), size: 946176 (result: 0), SymType: '-deferred-', PDB: '', fileVersion: 10.0.22000.282
C:\WINDOWS\System32\fwpuclnt.dll:fwpuclnt.dll (00007FFBF9790000), size: 528384 (result: 0), SymType: '-deferred-', PDB: '', fileVersion: 10.0.22000.434
C:\Windows\System32\rasadhlp.dll:rasadhlp.dll (00007FFBF9350000), size: 40960 (result: 0), SymType: '-deferred-', PDB: '', fileVersion: 10.0.22000.1
C:\Program Files\Unity\Hub\Editor\2021.2.8f1\Editor\NVUnityPlugin.DLL:NVUnityPlugin.DLL (00007FFB984C0000), size: 1536000 (result: 0), SymType: '-deferred-', PDB: ''
C:\WINDOWS\System32\clbcatq.dll:clbcatq.dll (00007FFC08270000), size: 716800 (result: 0), SymType: '-deferred-', PDB: '', fileVersion: 2001.12.10941.16384
C:\WINDOWS\System32\netprofm.dll:netprofm.dll (00007FFC00310000), size: 462848 (result: 0), SymType: '-deferred-', PDB: '', fileVersion: 10.0.22000.65
C:\Program Files\Unity\Hub\Editor\2021.2.8f1\Editor\Data\Tools\astcenc-avx2.dll:astcenc-avx2.dll (00007FFBD8B50000), size: 561152 (result: 0), SymType: '-deferred-', PDB: ''
C:\WINDOWS\System32\npmproxy.dll:npmproxy.dll (00007FFBF9450000), size: 73728 (result: 0), SymType: '-deferred-', PDB: '', fileVersion: 10.0.22000.65
C:\WINDOWS\SYSTEM32\d3d11.dll:d3d11.dll (00007FFC00390000), size: 2621440 (result: 0), SymType: '-deferred-', PDB: '', fileVersion: 10.0.22000.120
C:\WINDOWS\SYSTEM32\dxgi.dll:dxgi.dll (00007FFC04120000), size: 995328 (result: 0), SymType: '-deferred-', PDB: '', fileVersion: 10.0.22000.348
C:\WINDOWS\SYSTEM32\directxdatabasehelper.dll:directxdatabasehelper.dll (00007FFC01B30000), size: 278528 (result: 0), SymType: '-deferred-', PDB: '', fileVersion: 10.0.22000.1
C:\WINDOWS\SYSTEM32\ntmarta.dll:ntmarta.dll (00007FFC04240000), size: 212992 (result: 0), SymType: '-deferred-', PDB: '', fileVersion: 10.0.22000.1
C:\WINDOWS\System32\DriverStore\FileRepository\nvhwi.inf_amd64_5004a8d374894b28\nvldumdx.dll:nvldumdx.dll (00007FFBC1C80000), size: 1073152 (result: 0), SymType: '-deferred-', PDB: '', fileVersion: 30.0.14.9709
C:\WINDOWS\SYSTEM32\cryptnet.dll:cryptnet.dll (00007FFBFD1E0000), size: 200704 (result: 0), SymType: '-deferred-', PDB: '', fileVersion: 10.0.22000.1
C:\WINDOWS\SYSTEM32\drvstore.dll:drvstore.dll (00007FFBF8560000), size: 1347584 (result: 0), SymType: '-deferred-', PDB: '', fileVersion: 10.0.22000.120
C:\WINDOWS\SYSTEM32\devobj.dll:devobj.dll (00007FFC06940000), size: 180224 (result: 0), SymType: '-deferred-', PDB: '', fileVersion: 10.0.22000.1
C:\WINDOWS\SYSTEM32\wldp.dll:wldp.dll (00007FFC06550000), size: 249856 (result: 0), SymType: '-deferred-', PDB: '', fileVersion: 10.0.22000.120
C:\WINDOWS\SYSTEM32\cryptbase.dll:cryptbase.dll (00007FFC06450000), size: 49152 (result: 0), SymType: '-deferred-', PDB: '', fileVersion: 10.0.22000.1
C:\WINDOWS\System32\imagehlp.dll:imagehlp.dll (00007FFC07740000), size: 126976 (result: 0), SymType: '-deferred-', PDB: '', fileVersion: 10.0.22000.1
C:\WINDOWS\SYSTEM32\CRYPTSP.dll:CRYPTSP.dll (00007FFC06460000), size: 98304 (result: 0), SymType: '-deferred-', PDB: '', fileVersion: 10.0.22000.1
C:\WINDOWS\system32\rsaenh.dll:rsaenh.dll (00007FFC05CD0000), size: 217088 (result: 0), SymType: '-deferred-', PDB: '', fileVersion: 10.0.22000.282
C:\WINDOWS\System32\DriverStore\FileRepository\nvhwi.inf_amd64_5004a8d374894b28\nvwgf2umx.dll:nvwgf2umx.dll (00007FFB7F080000), size: 43167744 (result: 0), SymType: '-deferred-', PDB: '', fileVersion: 30.0.14.9709
C:\WINDOWS\system32\nvspcap64.dll:nvspcap64.dll (00007FFBB5000000), size: 2904064 (result: 0), SymType: '-deferred-', PDB: '', fileVersion: 3.24.0.123
C:\WINDOWS\system32\wbem\wbemprox.dll:wbemprox.dll (00007FFBF9840000), size: 65536 (result: 0), SymType: '-deferred-', PDB: '', fileVersion: 10.0.22000.1
C:\WINDOWS\SYSTEM32\wbemcomn.dll:wbemcomn.dll (00007FFBF6530000), size: 532480 (result: 0), SymType: '-deferred-', PDB: '', fileVersion: 10.0.22000.1
C:\WINDOWS\system32\wbem\wbemsvc.dll:wbemsvc.dll (00007FFBF53D0000), size: 81920 (result: 0), SymType: '-deferred-', PDB: '', fileVersion: 10.0.22000.1
C:\WINDOWS\system32\wbem\fastprox.dll:fastprox.dll (00007FFBF56C0000), size: 1024000 (result: 0), SymType: '-deferred-', PDB: '', fileVersion: 10.0.22000.1
C:\WINDOWS\SYSTEM32\amsi.dll:amsi.dll (00007FFBF4780000), size: 118784 (result: 0), SymType: '-deferred-', PDB: '', fileVersion: 10.0.22000.120
C:\WINDOWS\SYSTEM32\USERENV.dll:USERENV.dll (00007FFC06300000), size: 167936 (result: 0), SymType: '-deferred-', PDB: '', fileVersion: 10.0.22000.1
C:\ProgramData\Microsoft\Windows Defender\Platform\4.18.2111.5-0\MpOav.dll:MpOav.dll (00007FFBF4680000), size: 499712 (result: 0), SymType: '-deferred-', PDB: '', fileVersion: 4.18.2111.5
C:\Program Files\Unity\Hub\Editor\2021.2.8f1\Editor\cudart64_90.dll:cudart64_90.dll (00007FFBD8580000), size: 397312 (result: 0), SymType: '-deferred-', PDB: '', fileVersion: 6.14.11.9000
C:\WINDOWS\SYSTEM32\opencl.dll:opencl.dll (00007FFB97E50000), size: 1474560 (result: 0), SymType: '-deferred-', PDB: '', fileVersion: 3.0.1.0
C:\Program Files\Unity\Hub\Editor\2021.2.8f1\Editor\radeonrays.dll:radeonrays.dll (00007FFBCE680000), size: 557056 (result: 0), SymType: '-deferred-', PDB: ''
C:\Program Files\Unity\Hub\Editor\2021.2.8f1\Editor\Data\MonoBleedingEdge\EmbedRuntime\mono-2.0-bdwgc.dll:mono-2.0-bdwgc.dll (00007FFB831F0000), size: 11177984 (result: 0), SymType: '-deferred-', PDB: ''
D:\Game Development\Unity_Projects\GitHub\Unity_Learn\Creative_Core\Shaders-And-Materials\Library\PackageCache\com.unity.burst@1.6.0\.Runtime\burst-llvm-11.dll:burst-llvm-11.dll (00007FFB78450000), size: 38744064 (result: 0), SymType: '-deferred-', PDB: ''
C:\WINDOWS\SYSTEM32\PROPSYS.dll:PROPSYS.dll (00007FFC02680000), size: 1011712 (result: 0), SymType: '-deferred-', PDB: '', fileVersion: 7.0.22000.37
C:\Windows\System32\Windows.System.Launcher.dll:Windows.System.Launcher.dll (00007FFBF7650000), size: 1290240 (result: 0), SymType: '-deferred-', PDB: '', fileVersion: 10.0.22000.434
C:\Windows\System32\msvcp110_win.dll:msvcp110_win.dll (00007FFC01740000), size: 598016 (result: 0), SymType: '-deferred-', PDB: '', fileVersion: 10.0.22000.1
C:\WINDOWS\SYSTEM32\windows.staterepositorycore.dll:windows.staterepositorycore.dll (00007FFBFD6C0000), size: 110592 (result: 0), SymType: '-deferred-', PDB: '', fileVersion: 10.0.22000.65
C:\WINDOWS\WinSxS\amd64_microsoft.windows.common-controls_6595b64144ccf1df_6.0.22000.120_none_9d947278b86cc467\comctl32.dll:comctl32.dll (00007FFBE3DC0000), size: 2772992 (result: 0), SymType: '-deferred-', PDB: '', fileVersion: 6.10.22000.120
C:\Windows\System32\thumbcache.dll:thumbcache.dll (00007FFBCA1A0000), size: 417792 (result: 0), SymType: '-deferred-', PDB: '', fileVersion: 10.0.22000.51
C:\WINDOWS\SYSTEM32\policymanager.dll:policymanager.dll (00007FFC018A0000), size: 655360 (result: 0), SymType: '-deferred-', PDB: '', fileVersion: 10.0.22000.348
C:\Windows\System32\MrmCoreR.dll:MrmCoreR.dll (00007FFBEA8C0000), size: 1052672 (result: 0), SymType: '-deferred-', PDB: '', fileVersion: 10.0.22000.120
C:\Windows\System32\iertutil.dll:iertutil.dll (00007FFBFDF20000), size: 2826240 (result: 0), SymType: '-deferred-', PDB: '', fileVersion: 11.0.22000.348
C:\WINDOWS\SYSTEM32\windows.staterepositoryclient.dll:windows.staterepositoryclient.dll (00007FFBF9850000), size: 253952 (result: 0), SymType: '-deferred-', PDB: '', fileVersion: 10.0.22000.65
C:\Windows\System32\bcp47mrm.dll:bcp47mrm.dll (00007FFBEA160000), size: 184320 (result: 0), SymType: '-deferred-', PDB: '', fileVersion: 10.0.22000.65
C:\Windows\System32\Windows.UI.dll:Windows.UI.dll (00007FFBEA5E0000), size: 1605632 (result: 0), SymType: '-deferred-', PDB: '', fileVersion: 10.0.22000.1
C:\WINDOWS\WinSxS\amd64_microsoft.windows.gdiplus_6595b64144ccf1df_1.1.22000.434_none_ce836c1412fb9b57\gdiplus.dll:gdiplus.dll (00007FFBEA190000), size: 1781760 (result: 0), SymType: '-deferred-', PDB: '', fileVersion: 10.0.22000.434
C:\WINDOWS\System32\MSCTF.dll:MSCTF.dll (00007FFC08940000), size: 1171456 (result: 0), SymType: '-deferred-', PDB: '', fileVersion: 10.0.22000.434
C:\WINDOWS\SYSTEM32\edputil.dll:edputil.dll (00007FFBCA160000), size: 155648 (result: 0), SymType: '-deferred-', PDB: '', fileVersion: 10.0.22000.1
C:\Windows\System32\VAULTCLI.dll:VAULTCLI.dll (00007FFBD1CA0000), size: 364544 (result: 0), SymType: '-deferred-', PDB: '', fileVersion: 10.0.22000.1
C:\Windows\System32\Windows.StateRepositoryPS.dll:Windows.StateRepositoryPS.dll (00007FFBDA080000), size: 1261568 (result: 0), SymType: '-deferred-', PDB: '', fileVersion: 10.0.22000.65
C:\WINDOWS\SYSTEM32\dbghelp.dll:dbghelp.dll (00007FFC04940000), size: 2232320 (result: 0), SymType: '-deferred-', PDB: '', fileVersion: 10.0.22000.1

========== OUTPUTTING STACK TRACE ==================

0x00007FFC06D2478C (KERNELBASE) RaiseException
0x00007FFB8326064C (mono-2.0-bdwgc) [C:\build\output\Unity-Technologies\mono\mono\utils\mono-log-common.c:143] mono_log_write_logfile 
0x00007FFB8324C4A2 (mono-2.0-bdwgc) [C:\build\output\Unity-Technologies\mono\mono\eglib\goutput.c:172] monoeg_g_logv_nofree 
0x00007FFB8324C57C (mono-2.0-bdwgc) [C:\build\output\Unity-Technologies\mono\mono\eglib\goutput.c:215] monoeg_assertion_message 
0x00007FFB8324C5C9 (mono-2.0-bdwgc) [C:\build\output\Unity-Technologies\mono\mono\eglib\goutput.c:231] mono_assertion_message 
0x00007FFB83570305 (mono-2.0-bdwgc) [C:\build\output\Unity-Technologies\mono\mono\mini\mini-generic-sharing.c:3019] fill_runtime_generic_context 
0x00007FFB83570419 (mono-2.0-bdwgc) [C:\build\output\Unity-Technologies\mono\mono\mini\mini-generic-sharing.c:3089] mono_class_fill_runtime_generic_context 
0x00007FFB83560957 (mono-2.0-bdwgc) [C:\build\output\Unity-Technologies\mono\mono\mini\mini-trampolines.c:1018] mono_rgctx_lazy_fetch_trampoline 
SymInit: Symbol-SearchPath: 'C:/Program Files/Unity/Hub/Editor/2021.2.8f1/Editor/Data/Mono;.;D:\Game Development\Unity_Projects\GitHub\Unity_Learn\Creative_Core\Shaders-And-Materials;D:\Game Development\Unity_Projects\GitHub\Unity_Learn\Creative_Core\Shaders-And-Materials\Library\BurstCache\JIT;C:\Program Files\Unity\Hub\Editor\2021.2.8f1\Editor;C:\WINDOWS;C:\WINDOWS\system32;SRV*C:\websymbols*http://msdl.microsoft.com/download/symbols;', symOptions: 534, UserName: 'Francisco Nazar'
OS-Version: 10.0.0
C:\Program Files\Unity\Hub\Editor\2021.2.8f1\Editor\Unity.exe:Unity.exe (00007FF769470000), size: 72986624 (result: 0), SymType: 'PDB', PDB: 'C:\Program Files\Unity\Hub\Editor\2021.2.8f1\Editor\Unity_x64.pdb', fileVersion: 2021.2.8.58864
C:\WINDOWS\SYSTEM32\ntdll.dll:ntdll.dll (00007FFC09780000), size: 2125824 (result: 0), SymType: '-exported-', PDB: 'C:\WINDOWS\SYSTEM32\ntdll.dll', fileVersion: 10.0.22000.434
C:\WINDOWS\System32\KERNEL32.DLL:KERNEL32.DLL (00007FFC085E0000), size: 774144 (result: 0), SymType: '-exported-', PDB: 'C:\WINDOWS\System32\KERNEL32.DLL', fileVersion: 10.0.22000.434
C:\WINDOWS\System32\KERNELBASE.dll:KERNELBASE.dll (00007FFC06CE0000), size: 3620864 (result: 0), SymType: '-exported-', PDB: 'C:\WINDOWS\System32\KERNELBASE.dll', fileVersion: 10.0.22000.434
C:\WINDOWS\System32\CRYPT32.dll:CRYPT32.dll (00007FFC07180000), size: 1449984 (result: 0), SymType: '-exported-', PDB: 'C:\WINDOWS\System32\CRYPT32.dll', fileVersion: 10.0.22000.348
C:\WINDOWS\System32\ucrtbase.dll:ucrtbase.dll (00007FFC07060000), size: 1118208 (result: 0), SymType: '-exported-', PDB: 'C:\WINDOWS\System32\ucrtbase.dll', fileVersion: 10.0.22000.1
C:\WINDOWS\System32\USER32.dll:USER32.dll (00007FFC08DE0000), size: 1753088 (result: 0), SymType: '-exported-', PDB: 'C:\WINDOWS\System32\USER32.dll', fileVersion: 10.0.22000.282
C:\WINDOWS\System32\win32u.dll:win32u.dll (00007FFC075F0000), size: 155648 (result: 0), SymType: '-exported-', PDB: 'C:\WINDOWS\System32\win32u.dll', fileVersion: 10.0.22000.434
C:\WINDOWS\System32\GDI32.dll:GDI32.dll (00007FFC07FE0000), size: 167936 (result: 0), SymType: '-exported-', PDB: 'C:\WINDOWS\System32\GDI32.dll', fileVersion: 10.0.22000.1
C:\WINDOWS\System32\gdi32full.dll:gdi32full.dll (00007FFC07450000), size: 1122304 (result: 0), SymType: '-exported-', PDB: 'C:\WINDOWS\System32\gdi32full.dll', fileVersion: 10.0.22000.71
C:\WINDOWS\System32\msvcp_win.dll:msvcp_win.dll (00007FFC073B0000), size: 643072 (result: 0), SymType: '-exported-', PDB: 'C:\WINDOWS\System32\msvcp_win.dll', fileVersion: 10.0.22000.1
C:\WINDOWS\System32\ADVAPI32.dll:ADVAPI32.dll (00007FFC07F30000), size: 712704 (result: 0), SymType: '-exported-', PDB: 'C:\WINDOWS\System32\ADVAPI32.dll', fileVersion: 10.0.22000.434
C:\WINDOWS\System32\msvcrt.dll:msvcrt.dll (00007FFC07A10000), size: 667648 (result: 0), SymType: '-exported-', PDB: 'C:\WINDOWS\System32\msvcrt.dll', fileVersion: 7.0.22000.1
C:\WINDOWS\System32\sechost.dll:sechost.dll (00007FFC086A0000), size: 647168 (result: 0), SymType: '-exported-', PDB: 'C:\WINDOWS\System32\sechost.dll', fileVersion: 10.0.22000.434
C:\WINDOWS\System32\RPCRT4.dll:RPCRT4.dll (00007FFC07620000), size: 1179648 (result: 0), SymType: '-exported-', PDB: 'C:\WINDOWS\System32\RPCRT4.dll', fileVersion: 10.0.22000.434
C:\WINDOWS\System32\SHELL32.dll:SHELL32.dll (00007FFC08F90000), size: 8052736 (result: 0), SymType: '-exported-', PDB: 'C:\WINDOWS\System32\SHELL32.dll', fileVersion: 10.0.22000.434
C:\WINDOWS\System32\SHLWAPI.dll:SHLWAPI.dll (00007FFC088E0000), size: 380928 (result: 0), SymType: '-exported-', PDB: 'C:\WINDOWS\System32\SHLWAPI.dll', fileVersion: 10.0.22000.1
C:\WINDOWS\System32\ole32.dll:ole32.dll (00007FFC07870000), size: 1679360 (result: 0), SymType: '-exported-', PDB: 'C:\WINDOWS\System32\ole32.dll', fileVersion: 10.0.22000.120
C:\WINDOWS\System32\combase.dll:combase.dll (00007FFC08A60000), size: 3637248 (result: 0), SymType: '-exported-', PDB: 'C:\WINDOWS\System32\combase.dll', fileVersion: 10.0.22000.282
C:\WINDOWS\System32\IMM32.dll:IMM32.dll (00007FFC087B0000), size: 200704 (result: 0), SymType: '-exported-', PDB: 'C:\WINDOWS\System32\IMM32.dll', fileVersion: 10.0.22000.1
C:\WINDOWS\System32\SETUPAPI.dll:SETUPAPI.dll (00007FFC07AC0000), size: 4632576 (result: 0), SymType: '-exported-', PDB: 'C:\WINDOWS\System32\SETUPAPI.dll', fileVersion: 10.0.22000.194
C:\WINDOWS\System32\WS2_32.dll:WS2_32.dll (00007FFC08010000), size: 454656 (result: 0), SymType: '-exported-', PDB: 'C:\WINDOWS\System32\WS2_32.dll', fileVersion: 10.0.22000.1
C:\WINDOWS\System32\OLEAUT32.dll:OLEAUT32.dll (00007FFC08090000), size: 876544 (result: 0), SymType: '-exported-', PDB: 'C:\WINDOWS\System32\OLEAUT32.dll', fileVersion: 10.0.22000.1
C:\WINDOWS\System32\WINTRUST.dll:WINTRUST.dll (00007FFC06C70000), size: 417792 (result: 0), SymType: '-exported-', PDB: 'C:\WINDOWS\System32\WINTRUST.dll', fileVersion: 10.0.22000.434
C:\Program Files\Unity\Hub\Editor\2021.2.8f1\Editor\libfbxsdk.dll:libfbxsdk.dll (00007FFB876F0000), size: 10215424 (result: 0), SymType: '-exported-', PDB: 'C:\Program Files\Unity\Hub\Editor\2021.2.8f1\Editor\libfbxsdk.dll', fileVersion: 2020.2.0.0
C:\Program Files\Unity\Hub\Editor\2021.2.8f1\Editor\optix.6.0.0.dll:optix.6.0.0.dll (00007FFBF83D0000), size: 208896 (result: 0), SymType: '-exported-', PDB: 'C:\Program Files\Unity\Hub\Editor\2021.2.8f1\Editor\optix.6.0.0.dll', fileVersion: 6.0.0.0
C:\Program Files\Unity\Hub\Editor\2021.2.8f1\Editor\s3tcompress.dll:s3tcompress.dll (00007FFBF78E0000), size: 180224 (result: 0), SymType: '-exported-', PDB: 'C:\Program Files\Unity\Hub\Editor\2021.2.8f1\Editor\s3tcompress.dll'
C:\Program Files\Unity\Hub\Editor\2021.2.8f1\Editor\etccompress.dll:etccompress.dll (00007FFBF4110000), size: 5066752 (result: 0), SymType: '-exported-', PDB: 'C:\Program Files\Unity\Hub\Editor\2021.2.8f1\Editor\etccompress.dll'
C:\Program Files\Unity\Hub\Editor\2021.2.8f1\Editor\ispc_texcomp.dll:ispc_texcomp.dll (00007FFBD8BE0000), size: 1740800 (result: 0), SymType: '-exported-', PDB: 'C:\Program Files\Unity\Hub\Editor\2021.2.8f1\Editor\ispc_texcomp.dll'
C:\Program Files\Unity\Hub\Editor\2021.2.8f1\Editor\compress_bc7e.dll:compress_bc7e.dll (00007FFBAD3E0000), size: 1441792 (result: 0), SymType: '-exported-', PDB: 'C:\Program Files\Unity\Hub\Editor\2021.2.8f1\Editor\compress_bc7e.dll'
C:\Program Files\Unity\Hub\Editor\2021.2.8f1\Editor\FreeImage.dll:FreeImage.dll (0000000180000000), size: 6582272 (result: 0), SymType: '-exported-', PDB: 'C:\Program Files\Unity\Hub\Editor\2021.2.8f1\Editor\FreeImage.dll', fileVersion: 3.18.0.0
C:\Program Files\Unity\Hub\Editor\2021.2.8f1\Editor\OpenImageDenoise.dll:OpenImageDenoise.dll (00007FFB85570000), size: 35123200 (result: 0), SymType: '-exported-', PDB: 'C:\Program Files\Unity\Hub\Editor\2021.2.8f1\Editor\OpenImageDenoise.dll', fileVersion: 1.3.0.0
C:\Program Files\Unity\Hub\Editor\2021.2.8f1\Editor\WinPixEventRuntime.dll:WinPixEventRuntime.dll (00007FFBFF130000), size: 45056 (result: 0), SymType: '-exported-', PDB: 'C:\Program Files\Unity\Hub\Editor\2021.2.8f1\Editor\WinPixEventRuntime.dll', fileVersion: 1.0.1812.6001
C:\Program Files\Unity\Hub\Editor\2021.2.8f1\Editor\umbraoptimizer64.dll:umbraoptimizer64.dll (00007FFBB0CE0000), size: 1187840 (result: 0), SymType: '-exported-', PDB: 'C:\Program Files\Unity\Hub\Editor\2021.2.8f1\Editor\umbraoptimizer64.dll'
C:\WINDOWS\SYSTEM32\OPENGL32.dll:OPENGL32.dll (00007FFBCE750000), size: 1052672 (result: 0), SymType: '-exported-', PDB: 'C:\WINDOWS\SYSTEM32\OPENGL32.dll', fileVersion: 10.0.22000.41
C:\WINDOWS\SYSTEM32\GLU32.dll:GLU32.dll (00007FFBCE640000), size: 184320 (result: 0), SymType: '-exported-', PDB: 'C:\WINDOWS\SYSTEM32\GLU32.dll', fileVersion: 10.0.22000.41
C:\WINDOWS\SYSTEM32\IPHLPAPI.DLL:IPHLPAPI.DLL (00007FFC058A0000), size: 184320 (result: 0), SymType: '-exported-', PDB: 'C:\WINDOWS\SYSTEM32\IPHLPAPI.DLL', fileVersion: 10.0.22000.282
C:\WINDOWS\SYSTEM32\WINHTTP.dll:WINHTTP.dll (00007FFC03B90000), size: 1097728 (result: 0), SymType: '-exported-', PDB: 'C:\WINDOWS\SYSTEM32\WINHTTP.dll', fileVersion: 10.0.22000.1
C:\WINDOWS\SYSTEM32\WINMM.dll:WINMM.dll (00007FFBFF220000), size: 208896 (result: 0), SymType: '-exported-', PDB: 'C:\WINDOWS\SYSTEM32\WINMM.dll', fileVersion: 10.0.22000.1
C:\WINDOWS\SYSTEM32\bcrypt.dll:bcrypt.dll (00007FFC06650000), size: 159744 (result: 0), SymType: '-exported-', PDB: 'C:\WINDOWS\SYSTEM32\bcrypt.dll', fileVersion: 10.0.22000.1
C:\WINDOWS\SYSTEM32\HID.DLL:HID.DLL (00007FFC05650000), size: 57344 (result: 0), SymType: '-exported-', PDB: 'C:\WINDOWS\SYSTEM32\HID.DLL', fileVersion: 10.0.22000.1
C:\WINDOWS\SYSTEM32\dwmapi.dll:dwmapi.dll (00007FFC04380000), size: 192512 (result: 0), SymType: '-exported-', PDB: 'C:\WINDOWS\SYSTEM32\dwmapi.dll', fileVersion: 10.0.22000.41
C:\Program Files\Unity\Hub\Editor\2021.2.8f1\Editor\RadeonImageFilters.dll:RadeonImageFilters.dll (00007FFBAA9C0000), size: 2961408 (result: 0), SymType: '-exported-', PDB: 'C:\Program Files\Unity\Hub\Editor\2021.2.8f1\Editor\RadeonImageFilters.dll', fileVersion: 1.7.0.0
C:\Program Files\Unity\Hub\Editor\2021.2.8f1\Editor\SketchUpAPI.dll:SketchUpAPI.dll (00007FFB84C90000), size: 9306112 (result: 0), SymType: '-exported-', PDB: 'C:\Program Files\Unity\Hub\Editor\2021.2.8f1\Editor\SketchUpAPI.dll', fileVersion: 20.2.172.0
C:\WINDOWS\SYSTEM32\VERSION.dll:VERSION.dll (00007FFBFD250000), size: 40960 (result: 0), SymType: '-exported-', PDB: 'C:\WINDOWS\SYSTEM32\VERSION.dll', fileVersion: 10.0.22000.1
C:\WINDOWS\SYSTEM32\WSOCK32.dll:WSOCK32.dll (00007FFBEA5D0000), size: 36864 (result: 0), SymType: '-exported-', PDB: 'C:\WINDOWS\SYSTEM32\WSOCK32.dll', fileVersion: 10.0.22000.1
C:\Program Files\Unity\Hub\Editor\2021.2.8f1\Editor\tbb12.dll:tbb12.dll (00007FFBF4BF0000), size: 389120 (result: 0), SymType: '-exported-', PDB: 'C:\Program Files\Unity\Hub\Editor\2021.2.8f1\Editor\tbb12.dll'
C:\WINDOWS\SYSTEM32\MSVCP140.dll:MSVCP140.dll (00007FFC02140000), size: 577536 (result: 0), SymType: '-exported-', PDB: 'C:\WINDOWS\SYSTEM32\MSVCP140.dll', fileVersion: 14.29.30133.0
C:\WINDOWS\SYSTEM32\VCRUNTIME140.dll:VCRUNTIME140.dll (00007FFC021D0000), size: 110592 (result: 0), SymType: '-exported-', PDB: 'C:\WINDOWS\SYSTEM32\VCRUNTIME140.dll', fileVersion: 14.29.30133.0
C:\Program Files\Unity\Hub\Editor\2021.2.8f1\Editor\RadeonML.dll:RadeonML.dll (00007FFBF4900000), size: 94208 (result: 0), SymType: '-exported-', PDB: 'C:\Program Files\Unity\Hub\Editor\2021.2.8f1\Editor\RadeonML.dll', fileVersion: 0.9.11.0
C:\Program Files\Unity\Hub\Editor\2021.2.8f1\Editor\SketchUpCommonPreferences.dll:SketchUpCommonPreferences.dll (00007FFBF4B70000), size: 479232 (result: 0), SymType: '-exported-', PDB: 'C:\Program Files\Unity\Hub\Editor\2021.2.8f1\Editor\SketchUpCommonPreferences.dll', fileVersion: 20.2.172.37
C:\WINDOWS\SYSTEM32\Secur32.dll:Secur32.dll (00007FFBF18A0000), size: 49152 (result: 0), SymType: '-exported-', PDB: 'C:\WINDOWS\SYSTEM32\Secur32.dll', fileVersion: 10.0.22000.1
C:\WINDOWS\SYSTEM32\VCRUNTIME140_1.dll:VCRUNTIME140_1.dll (00007FFC02130000), size: 49152 (result: 0), SymType: '-exported-', PDB: 'C:\WINDOWS\SYSTEM32\VCRUNTIME140_1.dll', fileVersion: 14.29.30133.0
C:\WINDOWS\SYSTEM32\dxcore.dll:dxcore.dll (00007FFC040E0000), size: 229376 (result: 0), SymType: '-exported-', PDB: 'C:\WINDOWS\SYSTEM32\dxcore.dll', fileVersion: 10.0.22000.1
C:\WINDOWS\SYSTEM32\SSPICLI.DLL:SSPICLI.DLL (00007FFC06000000), size: 270336 (result: 0), SymType: '-exported-', PDB: 'C:\WINDOWS\SYSTEM32\SSPICLI.DLL', fileVersion: 10.0.22000.434
C:\Program Files\Unity\Hub\Editor\2021.2.8f1\Editor\OpenRL.dll:OpenRL.dll (0000028F0B920000), size: 12779520 (result: 0), SymType: '-exported-', PDB: 'C:\Program Files\Unity\Hub\Editor\2021.2.8f1\Editor\OpenRL.dll', fileVersion: 1.5.0.2907
C:\WINDOWS\SYSTEM32\MSVCP100.dll:MSVCP100.dll (000000005F670000), size: 622592 (result: 0), SymType: '-exported-', PDB: 'C:\WINDOWS\SYSTEM32\MSVCP100.dll', fileVersion: 10.0.40219.325
C:\WINDOWS\SYSTEM32\MSVCR100.dll:MSVCR100.dll (000000005F590000), size: 860160 (result: 0), SymType: '-exported-', PDB: 'C:\WINDOWS\SYSTEM32\MSVCR100.dll', fileVersion: 10.0.40219.325
C:\Program Files\Unity\Hub\Editor\2021.2.8f1\Editor\embree.dll:embree.dll (00007FFB83CA0000), size: 16711680 (result: 0), SymType: '-exported-', PDB: 'C:\Program Files\Unity\Hub\Editor\2021.2.8f1\Editor\embree.dll', fileVersion: 2.14.0.0
C:\WINDOWS\SYSTEM32\cfgmgr32.DLL:cfgmgr32.DLL (00007FFC06970000), size: 311296 (result: 0), SymType: '-exported-', PDB: 'C:\WINDOWS\SYSTEM32\cfgmgr32.DLL', fileVersion: 10.0.22000.1
C:\Program Files\Unity\Hub\Editor\2021.2.8f1\Editor\tbb.dll:tbb.dll (00007FFBF4890000), size: 413696 (result: 0), SymType: '-exported-', PDB: 'C:\Program Files\Unity\Hub\Editor\2021.2.8f1\Editor\tbb.dll', fileVersion: 2017.0.2016.1004
C:\WINDOWS\SYSTEM32\MSVCP120.dll:MSVCP120.dll (00007FFBF4060000), size: 679936 (result: 0), SymType: '-exported-', PDB: 'C:\WINDOWS\SYSTEM32\MSVCP120.dll', fileVersion: 12.0.21005.1
C:\WINDOWS\SYSTEM32\MSVCR120.dll:MSVCR120.dll (00007FFBB4660000), size: 978944 (result: 0), SymType: '-exported-', PDB: 'C:\WINDOWS\SYSTEM32\MSVCR120.dll', fileVersion: 12.0.21005.1
C:\WINDOWS\SYSTEM32\MSWSOCK.DLL:MSWSOCK.DLL (00007FFC06210000), size: 421888 (result: 0), SymType: '-exported-', PDB: 'C:\WINDOWS\SYSTEM32\MSWSOCK.DLL', fileVersion: 10.0.22000.1
C:\Program Files\Unity\Hub\Editor\2021.2.8f1\Editor\OpenRL_pthread.dll:OpenRL_pthread.dll (0000028F0C570000), size: 61440 (result: 0), SymType: '-exported-', PDB: 'C:\Program Files\Unity\Hub\Editor\2021.2.8f1\Editor\OpenRL_pthread.dll', fileVersion: 2.9.0.0
C:\Program Files\Unity\Hub\Editor\2021.2.8f1\Editor\tbbmalloc.dll:tbbmalloc.dll (00007FFBF4830000), size: 372736 (result: 0), SymType: '-exported-', PDB: 'C:\Program Files\Unity\Hub\Editor\2021.2.8f1\Editor\tbbmalloc.dll', fileVersion: 2017.0.2016.1004
C:\WINDOWS\SYSTEM32\MSASN1.dll:MSASN1.dll (00007FFC064B0000), size: 73728 (result: 0), SymType: '-exported-', PDB: 'C:\WINDOWS\SYSTEM32\MSASN1.dll', fileVersion: 10.0.22000.1
C:\WINDOWS\SYSTEM32\kernel.appcore.dll:kernel.appcore.dll (00007FFC05D70000), size: 98304 (result: 0), SymType: '-exported-', PDB: 'C:\WINDOWS\SYSTEM32\kernel.appcore.dll', fileVersion: 10.0.22000.71
C:\WINDOWS\System32\bcryptPrimitives.dll:bcryptPrimitives.dll (00007FFC07570000), size: 520192 (result: 0), SymType: '-exported-', PDB: 'C:\WINDOWS\System32\bcryptPrimitives.dll', fileVersion: 10.0.22000.376
C:\WINDOWS\system32\uxtheme.dll:uxtheme.dll (00007FFC04000000), size: 704512 (result: 0), SymType: '-exported-', PDB: 'C:\WINDOWS\system32\uxtheme.dll', fileVersion: 10.0.22000.120
C:\WINDOWS\System32\shcore.dll:shcore.dll (00007FFC087F0000), size: 958464 (result: 0), SymType: '-exported-', PDB: 'C:\WINDOWS\System32\shcore.dll', fileVersion: 10.0.22000.71
C:\WINDOWS\SYSTEM32\windows.storage.dll:windows.storage.dll (00007FFC04DE0000), size: 8810496 (result: 0), SymType: '-exported-', PDB: 'C:\WINDOWS\SYSTEM32\windows.storage.dll', fileVersion: 10.0.22000.348
C:\WINDOWS\SYSTEM32\wintypes.dll:wintypes.dll (00007FFC04C70000), size: 1466368 (result: 0), SymType: '-exported-', PDB: 'C:\WINDOWS\SYSTEM32\wintypes.dll', fileVersion: 10.0.22000.41
C:\WINDOWS\SYSTEM32\profapi.dll:profapi.dll (00007FFC06BA0000), size: 135168 (result: 0), SymType: '-nosymbols-', PDB: 'C:\WINDOWS\SYSTEM32\profapi.dll', fileVersion: 10.0.22000.1
C:\WINDOWS\system32\IconCodecService.dll:IconCodecService.dll (00007FFBC7D70000), size: 36864 (result: 0), SymType: '-nosymbols-', PDB: 'C:\WINDOWS\system32\IconCodecService.dll', fileVersion: 10.0.22000.1
C:\WINDOWS\SYSTEM32\WindowsCodecs.dll:WindowsCodecs.dll (00007FFBFF2F0000), size: 1761280 (result: 0), SymType: '-exported-', PDB: 'C:\WINDOWS\SYSTEM32\WindowsCodecs.dll', fileVersion: 10.0.22000.1
C:\WINDOWS\System32\NSI.dll:NSI.dll (00007FFC08080000), size: 36864 (result: 0), SymType: '-exported-', PDB: 'C:\WINDOWS\System32\NSI.dll', fileVersion: 10.0.22000.1
C:\WINDOWS\SYSTEM32\dhcpcsvc6.DLL:dhcpcsvc6.DLL (00007FFBFD460000), size: 102400 (result: 0), SymType: '-exported-', PDB: 'C:\WINDOWS\SYSTEM32\dhcpcsvc6.DLL', fileVersion: 10.0.22000.71
C:\WINDOWS\SYSTEM32\dhcpcsvc.DLL:dhcpcsvc.DLL (00007FFBFD6E0000), size: 122880 (result: 0), SymType: '-exported-', PDB: 'C:\WINDOWS\SYSTEM32\dhcpcsvc.DLL', fileVersion: 10.0.22000.71
C:\WINDOWS\SYSTEM32\DNSAPI.dll:DNSAPI.dll (00007FFC05910000), size: 946176 (result: 0), SymType: '-exported-', PDB: 'C:\WINDOWS\SYSTEM32\DNSAPI.dll', fileVersion: 10.0.22000.282
C:\WINDOWS\System32\fwpuclnt.dll:fwpuclnt.dll (00007FFBF9790000), size: 528384 (result: 0), SymType: '-exported-', PDB: 'C:\WINDOWS\System32\fwpuclnt.dll', fileVersion: 10.0.22000.434
C:\Windows\System32\rasadhlp.dll:rasadhlp.dll (00007FFBF9350000), size: 40960 (result: 0), SymType: '-exported-', PDB: 'C:\Windows\System32\rasadhlp.dll', fileVersion: 10.0.22000.1
C:\Program Files\Unity\Hub\Editor\2021.2.8f1\Editor\NVUnityPlugin.DLL:NVUnityPlugin.DLL (00007FFB984C0000), size: 1536000 (result: 0), SymType: '-exported-', PDB: 'C:\Program Files\Unity\Hub\Editor\2021.2.8f1\Editor\NVUnityPlugin.DLL'
C:\WINDOWS\System32\clbcatq.dll:clbcatq.dll (00007FFC08270000), size: 716800 (result: 0), SymType: '-exported-', PDB: 'C:\WINDOWS\System32\clbcatq.dll', fileVersion: 2001.12.10941.16384
C:\WINDOWS\System32\netprofm.dll:netprofm.dll (00007FFC00310000), size: 462848 (result: 0), SymType: '-exported-', PDB: 'C:\WINDOWS\System32\netprofm.dll', fileVersion: 10.0.22000.65
C:\Program Files\Unity\Hub\Editor\2021.2.8f1\Editor\Data\Tools\astcenc-avx2.dll:astcenc-avx2.dll (00007FFBD8B50000), size: 561152 (result: 0), SymType: '-exported-', PDB: 'C:\Program Files\Unity\Hub\Editor\2021.2.8f1\Editor\Data\Tools\astcenc-avx2.dll'
C:\WINDOWS\System32\npmproxy.dll:npmproxy.dll (00007FFBF9450000), size: 73728 (result: 0), SymType: '-exported-', PDB: 'C:\WINDOWS\System32\npmproxy.dll', fileVersion: 10.0.22000.65
C:\WINDOWS\SYSTEM32\d3d11.dll:d3d11.dll (00007FFC00390000), size: 2621440 (result: 0), SymType: '-exported-', PDB: 'C:\WINDOWS\SYSTEM32\d3d11.dll', fileVersion: 10.0.22000.120
C:\WINDOWS\SYSTEM32\dxgi.dll:dxgi.dll (00007FFC04120000), size: 995328 (result: 0), SymType: '-exported-', PDB: 'C:\WINDOWS\SYSTEM32\dxgi.dll', fileVersion: 10.0.22000.348
C:\WINDOWS\SYSTEM32\directxdatabasehelper.dll:directxdatabasehelper.dll (00007FFC01B30000), size: 278528 (result: 0), SymType: '-nosymbols-', PDB: 'C:\WINDOWS\SYSTEM32\directxdatabasehelper.dll', fileVersion: 10.0.22000.1
C:\WINDOWS\SYSTEM32\ntmarta.dll:ntmarta.dll (00007FFC04240000), size: 212992 (result: 0), SymType: '-exported-', PDB: 'C:\WINDOWS\SYSTEM32\ntmarta.dll', fileVersion: 10.0.22000.1
C:\WINDOWS\System32\DriverStore\FileRepository\nvhwi.inf_amd64_5004a8d374894b28\nvldumdx.dll:nvldumdx.dll (00007FFBC1C80000), size: 1073152 (result: 0), SymType: '-exported-', PDB: 'C:\WINDOWS\System32\DriverStore\FileRepository\nvhwi.inf_amd64_5004a8d374894b28\nvldumdx.dll', fileVersion: 30.0.14.9709
C:\WINDOWS\SYSTEM32\cryptnet.dll:cryptnet.dll (00007FFBFD1E0000), size: 200704 (result: 0), SymType: '-exported-', PDB: 'C:\WINDOWS\SYSTEM32\cryptnet.dll', fileVersion: 10.0.22000.1
C:\WINDOWS\SYSTEM32\drvstore.dll:drvstore.dll (00007FFBF8560000), size: 1347584 (result: 0), SymType: '-exported-', PDB: 'C:\WINDOWS\SYSTEM32\drvstore.dll', fileVersion: 10.0.22000.120
C:\WINDOWS\SYSTEM32\devobj.dll:devobj.dll (00007FFC06940000), size: 180224 (result: 0), SymType: '-exported-', PDB: 'C:\WINDOWS\SYSTEM32\devobj.dll', fileVersion: 10.0.22000.1
C:\WINDOWS\SYSTEM32\wldp.dll:wldp.dll (00007FFC06550000), size: 249856 (result: 0), SymType: '-exported-', PDB: 'C:\WINDOWS\SYSTEM32\wldp.dll', fileVersion: 10.0.22000.120
C:\WINDOWS\SYSTEM32\cryptbase.dll:cryptbase.dll (00007FFC06450000), size: 49152 (result: 0), SymType: '-exported-', PDB: 'C:\WINDOWS\SYSTEM32\cryptbase.dll', fileVersion: 10.0.22000.1
C:\WINDOWS\System32\imagehlp.dll:imagehlp.dll (00007FFC07740000), size: 126976 (result: 0), SymType: '-exported-', PDB: 'C:\WINDOWS\System32\imagehlp.dll', fileVersion: 10.0.22000.1
C:\WINDOWS\SYSTEM32\CRYPTSP.dll:CRYPTSP.dll (00007FFC06460000), size: 98304 (result: 0), SymType: '-exported-', PDB: 'C:\WINDOWS\SYSTEM32\CRYPTSP.dll', fileVersion: 10.0.22000.1
C:\WINDOWS\system32\rsaenh.dll:rsaenh.dll (00007FFC05CD0000), size: 217088 (result: 0), SymType: '-exported-', PDB: 'C:\WINDOWS\system32\rsaenh.dll', fileVersion: 10.0.22000.282
C:\WINDOWS\System32\DriverStore\FileRepository\nvhwi.inf_amd64_5004a8d374894b28\nvwgf2umx.dll:nvwgf2umx.dll (00007FFB7F080000), size: 43167744 (result: 0), SymType: '-exported-', PDB: 'C:\WINDOWS\System32\DriverStore\FileRepository\nvhwi.inf_amd64_5004a8d374894b28\nvwgf2umx.dll', fileVersion: 30.0.14.9709
C:\WINDOWS\system32\nvspcap64.dll:nvspcap64.dll (00007FFBB5000000), size: 2904064 (result: 0), SymType: '-exported-', PDB: 'C:\WINDOWS\system32\nvspcap64.dll', fileVersion: 3.24.0.123
C:\WINDOWS\system32\wbem\wbemprox.dll:wbemprox.dll (00007FFBF9840000), size: 65536 (result: 0), SymType: '-exported-', PDB: 'C:\WINDOWS\system32\wbem\wbemprox.dll', fileVersion: 10.0.22000.1
C:\WINDOWS\SYSTEM32\wbemcomn.dll:wbemcomn.dll (00007FFBF6530000), size: 532480 (result: 0), SymType: '-exported-', PDB: 'C:\WINDOWS\SYSTEM32\wbemcomn.dll', fileVersion: 10.0.22000.1
C:\WINDOWS\system32\wbem\wbemsvc.dll:wbemsvc.dll (00007FFBF53D0000), size: 81920 (result: 0), SymType: '-exported-', PDB: 'C:\WINDOWS\system32\wbem\wbemsvc.dll', fileVersion: 10.0.22000.1
C:\WINDOWS\system32\wbem\fastprox.dll:fastprox.dll (00007FFBF56C0000), size: 1024000 (result: 0), SymType: '-exported-', PDB: 'C:\WINDOWS\system32\wbem\fastprox.dll', fileVersion: 10.0.22000.1
C:\WINDOWS\SYSTEM32\amsi.dll:amsi.dll (00007FFBF4780000), size: 118784 (result: 0), SymType: '-exported-', PDB: 'C:\WINDOWS\SYSTEM32\amsi.dll', fileVersion: 10.0.22000.120
C:\WINDOWS\SYSTEM32\USERENV.dll:USERENV.dll (00007FFC06300000), size: 167936 (result: 0), SymType: '-exported-', PDB: 'C:\WINDOWS\SYSTEM32\USERENV.dll', fileVersion: 10.0.22000.1
C:\ProgramData\Microsoft\Windows Defender\Platform\4.18.2111.5-0\MpOav.dll:MpOav.dll (00007FFBF4680000), size: 499712 (result: 0), SymType: '-exported-', PDB: 'C:\ProgramData\Microsoft\Windows Defender\Platform\4.18.2111.5-0\MpOav.dll', fileVersion: 4.18.2111.5
C:\Program Files\Unity\Hub\Editor\2021.2.8f1\Editor\cudart64_90.dll:cudart64_90.dll (00007FFBD8580000), size: 397312 (result: 0), SymType: '-exported-', PDB: 'C:\Program Files\Unity\Hub\Editor\2021.2.8f1\Editor\cudart64_90.dll', fileVersion: 6.14.11.9000
C:\WINDOWS\SYSTEM32\opencl.dll:opencl.dll (00007FFB97E50000), size: 1474560 (result: 0), SymType: '-exported-', PDB: 'C:\WINDOWS\SYSTEM32\opencl.dll', fileVersion: 3.0.1.0
C:\Program Files\Unity\Hub\Editor\2021.2.8f1\Editor\radeonrays.dll:radeonrays.dll (00007FFBCE680000), size: 557056 (result: 0), SymType: '-exported-', PDB: 'C:\Program Files\Unity\Hub\Editor\2021.2.8f1\Editor\radeonrays.dll'
C:\Program Files\Unity\Hub\Editor\2021.2.8f1\Editor\Data\MonoBleedingEdge\EmbedRuntime\mono-2.0-bdwgc.dll:mono-2.0-bdwgc.dll (00007FFB831F0000), size: 11177984 (result: 0), SymType: 'PDB', PDB: 'C:\Program Files\Unity\Hub\Editor\2021.2.8f1\Editor\mono-2.0-bdwgc.pdb'
D:\Game Development\Unity_Projects\GitHub\Unity_Learn\Creative_Core\Shaders-And-Materials\Library\PackageCache\com.unity.burst@1.6.0\.Runtime\burst-llvm-11.dll:burst-llvm-11.dll (00007FFB78450000), size: 38744064 (result: 0), SymType: '-exported-', PDB: 'D:\Game Development\Unity_Projects\GitHub\Unity_Learn\Creative_Core\Shaders-And-Materials\Library\PackageCache\com.unity.burst@1.6.0\.Runtime\burst-llvm-11.dll'
C:\WINDOWS\SYSTEM32\PROPSYS.dll:PROPSYS.dll (00007FFC02680000), size: 1011712 (result: 0), SymType: '-exported-', PDB: 'C:\WINDOWS\SYSTEM32\PROPSYS.dll', fileVersion: 7.0.22000.37
C:\Windows\System32\Windows.System.Launcher.dll:Windows.System.Launcher.dll (00007FFBF7650000), size: 1290240 (result: 0), SymType: '-exported-', PDB: 'C:\Windows\System32\Windows.System.Launcher.dll', fileVersion: 10.0.22000.434
C:\Windows\System32\msvcp110_win.dll:msvcp110_win.dll (00007FFC01740000), size: 598016 (result: 0), SymType: '-exported-', PDB: 'C:\Windows\System32\msvcp110_win.dll', fileVersion: 10.0.22000.1
C:\WINDOWS\SYSTEM32\windows.staterepositorycore.dll:windows.staterepositorycore.dll (00007FFBFD6C0000), size: 110592 (result: 0), SymType: '-exported-', PDB: 'C:\WINDOWS\SYSTEM32\windows.staterepositorycore.dll', fileVersion: 10.0.22000.65
C:\WINDOWS\WinSxS\amd64_microsoft.windows.common-controls_6595b64144ccf1df_6.0.22000.120_none_9d947278b86cc467\comctl32.dll:comctl32.dll (00007FFBE3DC0000), size: 2772992 (result: 0), SymType: '-exported-', PDB: 'C:\WINDOWS\WinSxS\amd64_microsoft.windows.common-controls_6595b64144ccf1df_6.0.22000.120_none_9d947278b86cc467\comctl32.dll', fileVersion: 6.10.22000.120
C:\Windows\System32\thumbcache.dll:thumbcache.dll (00007FFBCA1A0000), size: 417792 (result: 0), SymType: '-exported-', PDB: 'C:\Windows\System32\thumbcache.dll', fileVersion: 10.0.22000.51
C:\WINDOWS\SYSTEM32\policymanager.dll:policymanager.dll (00007FFC018A0000), size: 655360 (result: 0), SymType: '-exported-', PDB: 'C:\WINDOWS\SYSTEM32\policymanager.dll', fileVersion: 10.0.22000.348
C:\Windows\System32\MrmCoreR.dll:MrmCoreR.dll (00007FFBEA8C0000), size: 1052672 (result: 0), SymType: '-exported-', PDB: 'C:\Windows\System32\MrmCoreR.dll', fileVersion: 10.0.22000.120
C:\Windows\System32\iertutil.dll:iertutil.dll (00007FFBFDF20000), size: 2826240 (result: 0), SymType: '-exported-', PDB: 'C:\Windows\System32\iertutil.dll', fileVersion: 11.0.22000.348
C:\WINDOWS\SYSTEM32\windows.staterepositoryclient.dll:windows.staterepositoryclient.dll (00007FFBF9850000), size: 253952 (result: 0), SymType: '-exported-', PDB: 'C:\WINDOWS\SYSTEM32\windows.staterepositoryclient.dll', fileVersion: 10.0.22000.65
C:\Windows\System32\bcp47mrm.dll:bcp47mrm.dll (00007FFBEA160000), size: 184320 (result: 0), SymType: '-exported-', PDB: 'C:\Windows\System32\bcp47mrm.dll', fileVersion: 10.0.22000.65
C:\Windows\System32\Windows.UI.dll:Windows.UI.dll (00007FFBEA5E0000), size: 1605632 (result: 0), SymType: '-exported-', PDB: 'C:\Windows\System32\Windows.UI.dll', fileVersion: 10.0.22000.1
C:\WINDOWS\WinSxS\amd64_microsoft.windows.gdiplus_6595b64144ccf1df_1.1.22000.434_none_ce836c1412fb9b57\gdiplus.dll:gdiplus.dll (00007FFBEA190000), size: 1781760 (result: 0), SymType: '-exported-', PDB: 'C:\WINDOWS\WinSxS\amd64_microsoft.windows.gdiplus_6595b64144ccf1df_1.1.22000.434_none_ce836c1412fb9b57\gdiplus.dll', fileVersion: 10.0.22000.434
C:\WINDOWS\System32\MSCTF.dll:MSCTF.dll (00007FFC08940000), size: 1171456 (result: 0), SymType: '-exported-', PDB: 'C:\WINDOWS\System32\MSCTF.dll', fileVersion: 10.0.22000.434
C:\WINDOWS\SYSTEM32\edputil.dll:edputil.dll (00007FFBCA160000), size: 155648 (result: 0), SymType: '-exported-', PDB: 'C:\WINDOWS\SYSTEM32\edputil.dll', fileVersion: 10.0.22000.1
C:\Windows\System32\VAULTCLI.dll:VAULTCLI.dll (00007FFBD1CA0000), size: 364544 (result: 0), SymType: '-exported-', PDB: 'C:\Windows\System32\VAULTCLI.dll', fileVersion: 10.0.22000.1
C:\Windows\System32\Windows.StateRepositoryPS.dll:Windows.StateRepositoryPS.dll (00007FFBDA080000), size: 1261568 (result: 0), SymType: '-exported-', PDB: 'C:\Windows\System32\Windows.StateRepositoryPS.dll', fileVersion: 10.0.22000.65
C:\WINDOWS\SYSTEM32\dbghelp.dll:dbghelp.dll (00007FFC04940000), size: 2232320 (result: 0), SymType: '-exported-', PDB: 'C:\WINDOWS\SYSTEM32\dbghelp.dll', fileVersion: 10.0.22000.1
  ERROR: SymGetSymFromAddr64, GetLastError: 'The specified module could not be found.' (Address: 0000028F2E4508C6)
  ERROR: SymGetModuleInfo64, GetLastError: 'A dynamic link library (DLL) initialization routine failed.' (Address: 0000028F2E4508C6)
0x0000028F2E4508C6 ((<unknown>)) (function-name not available)
0x0000029143EBDD7B (Mono JIT Code) System.Collections.ObjectModel.ReadOnlyCollection`1<T_REF>:GetEnumerator ()
0x0000029143DBAEF3 (Mono JIT Code) [D:\Game Development\Unity_Projects\GitHub\Unity_Learn\Creative_Core\Shaders-And-Materials\Library\PackageCache\com.unity.render-pipelines.core@12.1.3\Runtime\Volume\VolumeComponent.cs:187] UnityEngine.Rendering.VolumeComponent:OnDisable () 
0x0000029143EBAA38 (Mono JIT Code) (wrapper runtime-invoke) object:runtime_invoke_void__this__ (object,intptr,intptr,intptr)
0x00007FFB8346E034 (mono-2.0-bdwgc) [C:\build\output\Unity-Technologies\mono\mono\mini\mini-runtime.c:3445] mono_jit_runtime_invoke 
0x00007FFB833AE724 (mono-2.0-bdwgc) [C:\build\output\Unity-Technologies\mono\mono\metadata\object.c:3064] do_runtime_invoke 
0x00007FFB833AE8BC (mono-2.0-bdwgc) [C:\build\output\Unity-Technologies\mono\mono\metadata\object.c:3111] mono_runtime_invoke 
0x00007FF76A3C4E44 (Unity) scripting_method_invoke
0x00007FF76A3BFA64 (Unity) ScriptingInvocation::Invoke
0x00007FF76A3BFB4E (Unity) ScriptingInvocation::InvokeChecked
0x00007FF76A438D66 (Unity) SerializableManagedRef::CallMethod
0x00007FF76A39E7E6 (Unity) MonoBehaviour::WillUnloadScriptableObject
0x00007FF76A3968DD (Unity) MonoManager::RemoveBehavioursFromManager
0x00007FF76A38C955 (Unity) MonoManager::BeginReloadAssembly
0x00007FF76A3965D7 (Unity) MonoManager::ReloadAssembly
0x00007FF76B2ADCC2 (Unity) LoadDomainAndUserAssemblies
0x00007FF76B2AE3F4 (Unity) LoadUserAssemblies
0x00007FF76B73D898 (Unity) <lambda_c8aac203af85da22e031a8e6d38250eb>::operator()
0x00007FF76B7D2252 (Unity) asio::detail::completion_handler<core::mutable_function<void __cdecl(void)> >::do_complete
0x00007FF76B7D44DD (Unity) asio::detail::win_iocp_io_service::do_one
0x00007FF76B7D78FE (Unity) asio::io_service::run
0x00007FF76B7D06F1 (Unity) IOService::Run
0x00007FF76B769DE8 (Unity) RunAssetImportWorkerClientV2
0x00007FF76B769EBB (Unity) RunAssetImporterV2
0x00007FF76AFB0F10 (Unity) Application::InitializeProject
0x00007FF76B3FC608 (Unity) WinMain
0x00007FF76C70D942 (Unity) __scrt_common_main_seh
0x00007FFC085F54E0 (KERNEL32) BaseThreadInitThunk
0x00007FFC0978485B (ntdll) RtlUserThreadStart

========== END OF STACKTRACE ===========

A crash has been intercepted by the crash handler. For call stack and other details, see the latest crash report generated in:
 * C:/Users/FRANCI~1/AppData/Local/Temp/Unity/Editor/Crashes
