
=== Mon Dec 20 13:24:58 2021

Packages were changed.
Update Mode: updateDependencies

The following packages were updated:
  com.unity.collab-proxy from version 1.9.0 to 1.15.4
  com.unity.render-pipelines.universal from version 10.6.0 to 10.7.0
  com.unity.visualeffectgraph from version 10.6.0 to 10.7.0

=== Tue Jan 18 12:21:22 2022

Packages were changed.
Update Mode: updateDependencies

The following packages were updated:
  com.unity.collab-proxy from version 1.15.4 to 1.15.7
  com.unity.render-pipelines.universal from version 10.7.0 to 10.8.1
  com.unity.visualeffectgraph from version 10.7.0 to 10.8.1

=== Tue Jan 18 14:42:17 2022

Packages were changed.
Update Mode: updateDependencies

The following packages were updated:
  com.unity.ide.rider from version 2.0.7 to 3.0.9
  com.unity.render-pipelines.universal from version 10.8.1 to 12.1.3
  com.unity.timeline from version 1.4.8 to 1.6.3
  com.unity.visualeffectgraph from version 10.8.1 to 12.1.3
